


materialPath: C:\Program Files (x86)\Steam\steamapps\common\Counter-Strike Global Offensive\csgo\materials
Loading C:\Users\Rachel_III\Dropbox\maps\CSGO\jailbaird.vmf
Map revision 4
ConVarRef gpu_level doesn't point to an existing ConVar
fixing up env_cubemap materials on brush sides...
0...1...2...3...4...5...6...7...8...9...10**** leaked ****
Entity func_door (-370.00 40.00 128.00) leaked!
Processing areas...done (0)
Building Faces...done (0)
FixTjuncs...
PruneNodes...
WriteBSP...
done (0)
Finding displacement neighbors...
Finding lightmap sample positions...
Displacement Alpha : 0...1...2...3...4...5...6...7...8...9...10
Building Physics collision data...
done (0) (3423 bytes)
Placing detail props : 0...1...2...3...4...5...6...7...8...9...10
Compacting texture/material tables...
Reduced 13 texinfos to 7
Reduced 4 texdatas to 4 (88 bytes to 88)
Writing C:\Users\Rachel_III\Dropbox\maps\CSGO\jailbaird.bsp
0 seconds elapsed



8 threads
reading c:\users\rachel_iii\dropbox\maps\csgo\jailbaird.bsp
reading c:\users\rachel_iii\dropbox\maps\csgo\jailbaird.prt
LoadPortals: couldn't read c:\users\rachel_iii\dropbox\maps\csgo\jailbaird.prt



materialPath: C:\Program Files (x86)\Steam\steamapps\common\Counter-Strike Global Offensive\csgo\materials
Loading C:\Users\Rachel_III\Dropbox\Maps\CSGO\jailbaird.vmf
Map revision 8
ConVarRef gpu_level doesn't point to an existing ConVar
fixing up env_cubemap materials on brush sides...
0...1...2...3...4...5...6...7...8...9...100...1...2...3...4...5...6...7...8...9...10Processing areas...done (0)
Building Faces...done (0)
FixTjuncs...
PruneNodes...
WriteBSP...
done (0)
writing C:\Users\Rachel_III\Dropbox\Maps\CSGO\jailbaird.prt...Building visibility clusters...
done (0)
Finding displacement neighbors...
Finding lightmap sample positions...
Displacement Alpha : 0...1...2...3...4...5...6...7...8...9...10
Building Physics collision data...
done (0) (22340 bytes)
Placing detail props : 0...1...2...3...4...5...6...7...8...9...10
Compacting texture/material tables...
Reduced 63 texinfos to 44
Reduced 4 texdatas to 4 (88 bytes to 88)
Writing C:\Users\Rachel_III\Dropbox\Maps\CSGO\jailbaird.bsp
0 seconds elapsed



8 threads
reading c:\users\rachel_iii\dropbox\maps\csgo\jailbaird.bsp
reading c:\users\rachel_iii\dropbox\maps\csgo\jailbaird.prt
  63 portalclusters
 114 numportals
0...1...2...3...4...5...6...7...8...9...100...1...2...3...4...5...6...7...8...9...10Optimized: 0 visible clusters (0.00%)
Total clusters visible: 2697
Average clusters visible: 42
Building PAS...
Average clusters audible: 62
visdatasize:1512  compressed from 1008
writing c:\users\rachel_iii\dropbox\maps\csgo\jailbaird.bsp
0 seconds elapsed



[Reading texlights from 'lights.rad']
[2 texlights parsed from 'lights.rad']

Loading c:\users\rachel_iii\dropbox\maps\csgo\jailbaird.bsp
281 faces
34269 square feet [4934848.00 square inches]
0 Displacements
0 Square Feet [0.00 Square Inches]
281 patches before subdivision
5731 patches after subdivision
1 direct lights
0...1...2...3...4...5...6...7...8...9...100...1...2...3...4...5...6...7...8...9...10transfers 582944, max 353
transfer lists:   4.4 megs
0...1...2...3...4...5...6...7...8...9...10	Bounce #1 added RGB(2260, 2216, 2003)
0...1...2...3...4...5...6...7...8...9...10	Bounce #2 added RGB(429, 413, 338)
0...1...2...3...4...5...6...7...8...9...10	Bounce #3 added RGB(81, 77, 57)
0...1...2...3...4...5...6...7...8...9...10	Bounce #4 added RGB(15, 14, 10)
0...1...2...3...4...5...6...7...8...9...10	Bounce #5 added RGB(3, 3, 2)
0...1...2...3...4...5...6...7...8...9...10	Bounce #6 added RGB(1, 1, 0)
Build Patch/Sample Hash Table(s).....Done<0.0017 sec>
0...1...2...3...4...5...6...7...8...9...10FinalLightFace Done
0 of 0 (0% of) surface lights went in leaf ambient cubes.
0...1...2...3...4...5...6...7...8...9...10Writing leaf ambient...done
Ready to Finish

Object names       Objects/Maxobjs  Memory / Maxmem  Fullness 
------------       ---------------  ---------------  -------- 
models                  11/1024          528/49152    ( 1.1%) 
brushes                 55/8192          660/98304    ( 0.7%) 
brushsides             330/65536        2640/524288   ( 0.5%) 
planes                 146/65536        2920/1310720  ( 0.2%) 
vertexes               481/65536        5772/786432   ( 0.7%) 
nodes                  171/65536        5472/2097152  ( 0.3%) 
texinfos                44/12288        3168/884736   ( 0.4%) 
texdata                  4/2048          128/65536    ( 0.2%) 
dispinfos                0/0               0/0        ( 0.0%) 
disp_verts               0/0               0/0        ( 0.0%) 
disp_tris                0/0               0/0        ( 0.0%) 
disp_multiblend          0/0               0/0        ( 0.0%) 
disp_lmsamples           0/0               0/0        ( 0.0%) 
faces                  281/65536       15736/3670016  ( 0.4%) 
hdr faces                0/65536           0/3670016  ( 0.0%) 
origfaces              116/65536        6496/3670016  ( 0.2%) 
facebrushes             54/0             108/0        ( 0.0%) 
facebrushlists         281/0            1124/0        ( 0.0%) 
leaves                 183/65536        5856/2097152  ( 0.3%) 
leaffaces              321/65536         642/131072   ( 0.5%) 
leafbrushes             76/65536         152/131072   ( 0.1%) 
areas                    2/1024           16/8192     ( 0.2%) 
surfedges             1798/512000       7192/2048000  ( 0.4%) 
edges                 1166/256000       4664/1024000  ( 0.5%) 
LDR worldlights          1/8192          100/819200   ( 0.0%) 
HDR worldlights          0/8192            0/819200   ( 0.0%) 
leafwaterdata            0/32768           0/393216   ( 0.0%) 
waterstrips             43/32768         430/327680   ( 0.1%) 
waterverts               0/65536           0/786432   ( 0.0%) 
waterindices           612/65536        1224/131072   ( 0.9%) 
cubemapsamples           0/1024            0/16384    ( 0.0%) 
overlays                 0/512             0/180224   ( 0.0%) 
LDR lightdata         [variable]      220638/0        ( 0.0%) 
HDR lightdata         [variable]           0/0        ( 0.0%) 
visdata               [variable]        1512/16777216 ( 0.0%) 
entdata               [variable]        8550/393216   ( 2.2%) 
LDR ambient table      183/65536         732/262144   ( 0.3%) 
HDR ambient table      183/65536         732/262144   ( 0.3%) 
LDR leaf ambient       283/65536        7924/1835008  ( 0.4%) 
HDR leaf ambient       183/65536        5124/1835008  ( 0.3%) 
occluders                0/0               0/0        ( 0.0%) 
occluder polygons        0/0               0/0        ( 0.0%) 
occluder vert ind        0/0               0/0        ( 0.0%) 
detail props          [variable]           1/12       ( 8.3%) 
static props          [variable]           1/3546     ( 0.0%) 
pakfile               [variable]       74434/0        ( 0.0%) 
physics               [variable]       22340/4194304  ( 0.5%) 
physics terrain       [variable]           2/1048576  ( 0.0%) 

Level flags = 4

Total triangle count: 772
Writing c:\users\rachel_iii\dropbox\maps\csgo\jailbaird.bsp
1 second elapsed



materialPath: C:\Program Files (x86)\Steam\steamapps\common\Counter-Strike Global Offensive\csgo\materials
Loading C:\Users\Rachel_III\Dropbox\Maps\CSGO\jailbaird.vmf
Map revision 10
ConVarRef gpu_level doesn't point to an existing ConVar
fixing up env_cubemap materials on brush sides...
0...1...2...3...4...5...6...7...8...9...100...1...2...3...4...5...6...7...8...9...10Processing areas...done (0)
Building Faces...done (0)
FixTjuncs...
PruneNodes...
WriteBSP...
done (0)
writing C:\Users\Rachel_III\Dropbox\Maps\CSGO\jailbaird.prt...Building visibility clusters...
done (0)
Finding displacement neighbors...
Finding lightmap sample positions...
Displacement Alpha : 0...1...2...3...4...5...6...7...8...9...10
Building Physics collision data...
done (0) (22340 bytes)
Placing detail props : 0...1...2...3...4...5...6...7...8...9...10
Compacting texture/material tables...
Reduced 63 texinfos to 44
Reduced 4 texdatas to 4 (88 bytes to 88)
Writing C:\Users\Rachel_III\Dropbox\Maps\CSGO\jailbaird.bsp
0 seconds elapsed



8 threads
reading c:\users\rachel_iii\dropbox\maps\csgo\jailbaird.bsp
reading c:\users\rachel_iii\dropbox\maps\csgo\jailbaird.prt
  63 portalclusters
 114 numportals
0...1...2...3...4...5...6...7...8...9...100...1...2...3...4...5...6...7...8...9...10Optimized: 0 visible clusters (0.00%)
Total clusters visible: 2697
Average clusters visible: 42
Building PAS...
Average clusters audible: 62
visdatasize:1512  compressed from 1008
writing c:\users\rachel_iii\dropbox\maps\csgo\jailbaird.bsp
0 seconds elapsed



[Reading texlights from 'lights.rad']
[2 texlights parsed from 'lights.rad']

Loading c:\users\rachel_iii\dropbox\maps\csgo\jailbaird.bsp
281 faces
34269 square feet [4934848.00 square inches]
0 Displacements
0 Square Feet [0.00 Square Inches]
281 patches before subdivision
5731 patches after subdivision
10 direct lights
0...1...2...3...4...5...6...7...8...9...100...1...2...3...4...5...6...7...8...9...10transfers 582950, max 353
transfer lists:   4.4 megs
0...1...2...3...4...5...6...7...8...9...10	Bounce #1 added RGB(2022, 1936, 1628)
0...1...2...3...4...5...6...7...8...9...10	Bounce #2 added RGB(394, 360, 253)
0...1...2...3...4...5...6...7...8...9...10	Bounce #3 added RGB(82, 72, 43)
0...1...2...3...4...5...6...7...8...9...10	Bounce #4 added RGB(17, 14, 7)
0...1...2...3...4...5...6...7...8...9...10	Bounce #5 added RGB(3, 3, 1)
0...1...2...3...4...5...6...7...8...9...10	Bounce #6 added RGB(1, 1, 0)
Build Patch/Sample Hash Table(s).....Done<0.0017 sec>
0...1...2...3...4...5...6...7...8...9...10FinalLightFace Done
0 of 0 (0% of) surface lights went in leaf ambient cubes.
0...1...2...3...4...5...6...7...8...9...10Writing leaf ambient...done
Ready to Finish

Object names       Objects/Maxobjs  Memory / Maxmem  Fullness 
------------       ---------------  ---------------  -------- 
models                  11/1024          528/49152    ( 1.1%) 
brushes                 55/8192          660/98304    ( 0.7%) 
brushsides             330/65536        2640/524288   ( 0.5%) 
planes                 146/65536        2920/1310720  ( 0.2%) 
vertexes               481/65536        5772/786432   ( 0.7%) 
nodes                  171/65536        5472/2097152  ( 0.3%) 
texinfos                44/12288        3168/884736   ( 0.4%) 
texdata                  4/2048          128/65536    ( 0.2%) 
dispinfos                0/0               0/0        ( 0.0%) 
disp_verts               0/0               0/0        ( 0.0%) 
disp_tris                0/0               0/0        ( 0.0%) 
disp_multiblend          0/0               0/0        ( 0.0%) 
disp_lmsamples           0/0               0/0        ( 0.0%) 
faces                  281/65536       15736/3670016  ( 0.4%) 
hdr faces                0/65536           0/3670016  ( 0.0%) 
origfaces              116/65536        6496/3670016  ( 0.2%) 
facebrushes             54/0             108/0        ( 0.0%) 
facebrushlists         281/0            1124/0        ( 0.0%) 
leaves                 183/65536        5856/2097152  ( 0.3%) 
leaffaces              321/65536         642/131072   ( 0.5%) 
leafbrushes             76/65536         152/131072   ( 0.1%) 
areas                    2/1024           16/8192     ( 0.2%) 
surfedges             1798/512000       7192/2048000  ( 0.4%) 
edges                 1166/256000       4664/1024000  ( 0.5%) 
LDR worldlights         10/8192         1000/819200   ( 0.1%) 
HDR worldlights          0/8192            0/819200   ( 0.0%) 
leafwaterdata            0/32768           0/393216   ( 0.0%) 
waterstrips             43/32768         430/327680   ( 0.1%) 
waterverts               0/65536           0/786432   ( 0.0%) 
waterindices           612/65536        1224/131072   ( 0.9%) 
cubemapsamples           0/1024            0/16384    ( 0.0%) 
overlays                 0/512             0/180224   ( 0.0%) 
LDR lightdata         [variable]      411151/0        ( 0.0%) 
HDR lightdata         [variable]           0/0        ( 0.0%) 
visdata               [variable]        1512/16777216 ( 0.0%) 
entdata               [variable]       11711/393216   ( 3.0%) 
LDR ambient table      183/65536         732/262144   ( 0.3%) 
HDR ambient table      183/65536         732/262144   ( 0.3%) 
LDR leaf ambient       582/65536       16296/1835008  ( 0.9%) 
HDR leaf ambient       183/65536        5124/1835008  ( 0.3%) 
occluders                0/0               0/0        ( 0.0%) 
occluder polygons        0/0               0/0        ( 0.0%) 
occluder vert ind        0/0               0/0        ( 0.0%) 
detail props          [variable]           1/12       ( 8.3%) 
static props          [variable]           1/4186     ( 0.0%) 
pakfile               [variable]       74434/0        ( 0.0%) 
physics               [variable]       22340/4194304  ( 0.5%) 
physics terrain       [variable]           2/1048576  ( 0.0%) 

Level flags = 4

Total triangle count: 772
Writing c:\users\rachel_iii\dropbox\maps\csgo\jailbaird.bsp
2 seconds elapsed



materialPath: C:\Program Files (x86)\Steam\steamapps\common\Counter-Strike Global Offensive\csgo\materials
Loading C:\Users\Rachel_III\Dropbox\Maps\CSGO\jailbaird.vmf
Map revision 11
ConVarRef gpu_level doesn't point to an existing ConVar
fixing up env_cubemap materials on brush sides...
0...1...2...3...4...5...6...7...8...9...100...1...2...3...4...5...6...7...8...9...10Processing areas...done (0)
Building Faces...done (0)
FixTjuncs...
PruneNodes...
WriteBSP...
done (0)
writing C:\Users\Rachel_III\Dropbox\Maps\CSGO\jailbaird.prt...Building visibility clusters...
done (0)
Finding displacement neighbors...
Finding lightmap sample positions...
Displacement Alpha : 0...1...2...3...4...5...6...7...8...9...10
Building Physics collision data...
done (0) (22340 bytes)
Placing detail props : 0...1...2...3...4...5...6...7...8...9...10
Compacting texture/material tables...
Reduced 63 texinfos to 44
Reduced 4 texdatas to 4 (88 bytes to 88)
Writing C:\Users\Rachel_III\Dropbox\Maps\CSGO\jailbaird.bsp
0 seconds elapsed



8 threads
reading c:\users\rachel_iii\dropbox\maps\csgo\jailbaird.bsp
reading c:\users\rachel_iii\dropbox\maps\csgo\jailbaird.prt
  63 portalclusters
 114 numportals
0...1...2...3...4...5...6...7...8...9...100...1...2...3...4...5...6...7...8...9...10Optimized: 0 visible clusters (0.00%)
Total clusters visible: 2697
Average clusters visible: 42
Building PAS...
Average clusters audible: 62
visdatasize:1512  compressed from 1008
writing c:\users\rachel_iii\dropbox\maps\csgo\jailbaird.bsp
0 seconds elapsed



[Reading texlights from 'lights.rad']
[2 texlights parsed from 'lights.rad']

Loading c:\users\rachel_iii\dropbox\maps\csgo\jailbaird.bsp
281 faces
34269 square feet [4934848.00 square inches]
0 Displacements
0 Square Feet [0.00 Square Inches]
281 patches before subdivision
5731 patches after subdivision
10 direct lights
0...1...2...3...4...5...6...7...8...9...100...1...2...3...4...5...6...7...8...9...10transfers 582950, max 353
transfer lists:   4.4 megs
0...1...2...3...4...5...6...7...8...9...10	Bounce #1 added RGB(2022, 1936, 1628)
0...1...2...3...4...5...6...7...8...9...10	Bounce #2 added RGB(394, 360, 253)
0...1...2...3...4...5...6...7...8...9...10	Bounce #3 added RGB(82, 72, 43)
0...1...2...3...4...5...6...7...8...9...10	Bounce #4 added RGB(17, 14, 7)
0...1...2...3...4...5...6...7...8...9...10	Bounce #5 added RGB(3, 3, 1)
0...1...2...3...4...5...6...7...8...9...10	Bounce #6 added RGB(1, 1, 0)
Build Patch/Sample Hash Table(s).....Done<0.0018 sec>
0...1...2...3...4...5...6...7...8...9...10FinalLightFace Done
0 of 0 (0% of) surface lights went in leaf ambient cubes.
0...1...2...3...4...5...6...7...8...9...10Writing leaf ambient...done
Ready to Finish

Object names       Objects/Maxobjs  Memory / Maxmem  Fullness 
------------       ---------------  ---------------  -------- 
models                  11/1024          528/49152    ( 1.1%) 
brushes                 55/8192          660/98304    ( 0.7%) 
brushsides             330/65536        2640/524288   ( 0.5%) 
planes                 146/65536        2920/1310720  ( 0.2%) 
vertexes               481/65536        5772/786432   ( 0.7%) 
nodes                  171/65536        5472/2097152  ( 0.3%) 
texinfos                44/12288        3168/884736   ( 0.4%) 
texdata                  4/2048          128/65536    ( 0.2%) 
dispinfos                0/0               0/0        ( 0.0%) 
disp_verts               0/0               0/0        ( 0.0%) 
disp_tris                0/0               0/0        ( 0.0%) 
disp_multiblend          0/0               0/0        ( 0.0%) 
disp_lmsamples           0/0               0/0        ( 0.0%) 
faces                  281/65536       15736/3670016  ( 0.4%) 
hdr faces                0/65536           0/3670016  ( 0.0%) 
origfaces              116/65536        6496/3670016  ( 0.2%) 
facebrushes             54/0             108/0        ( 0.0%) 
facebrushlists         281/0            1124/0        ( 0.0%) 
leaves                 183/65536        5856/2097152  ( 0.3%) 
leaffaces              321/65536         642/131072   ( 0.5%) 
leafbrushes             76/65536         152/131072   ( 0.1%) 
areas                    2/1024           16/8192     ( 0.2%) 
surfedges             1798/512000       7192/2048000  ( 0.4%) 
edges                 1166/256000       4664/1024000  ( 0.5%) 
LDR worldlights         10/8192         1000/819200   ( 0.1%) 
HDR worldlights          0/8192            0/819200   ( 0.0%) 
leafwaterdata            0/32768           0/393216   ( 0.0%) 
waterstrips             43/32768         430/327680   ( 0.1%) 
waterverts               0/65536           0/786432   ( 0.0%) 
waterindices           612/65536        1224/131072   ( 0.9%) 
cubemapsamples           0/1024            0/16384    ( 0.0%) 
overlays                 0/512             0/180224   ( 0.0%) 
LDR lightdata         [variable]      411151/0        ( 0.0%) 
HDR lightdata         [variable]           0/0        ( 0.0%) 
visdata               [variable]        1512/16777216 ( 0.0%) 
entdata               [variable]       11748/393216   ( 3.0%) 
LDR ambient table      183/65536         732/262144   ( 0.3%) 
HDR ambient table      183/65536         732/262144   ( 0.3%) 
LDR leaf ambient       582/65536       16296/1835008  ( 0.9%) 
HDR leaf ambient       183/65536        5124/1835008  ( 0.3%) 
occluders                0/0               0/0        ( 0.0%) 
occluder polygons        0/0               0/0        ( 0.0%) 
occluder vert ind        0/0               0/0        ( 0.0%) 
detail props          [variable]           1/12       ( 8.3%) 
static props          [variable]           1/4186     ( 0.0%) 
pakfile               [variable]       74434/0        ( 0.0%) 
physics               [variable]       22340/4194304  ( 0.5%) 
physics terrain       [variable]           2/1048576  ( 0.0%) 

Level flags = 4

Total triangle count: 772
Writing c:\users\rachel_iii\dropbox\maps\csgo\jailbaird.bsp
2 seconds elapsed



materialPath: C:\Program Files (x86)\Steam\steamapps\common\Counter-Strike Global Offensive\csgo\materials
Loading C:\Users\Rachel_III\Dropbox\Maps\CSGO\jailbaird.vmf
Map revision 13
ConVarRef gpu_level doesn't point to an existing ConVar
fixing up env_cubemap materials on brush sides...
0...1...2...3...4...5...6...7...8...9...10**** leaked ****
Entity func_door (-370.00 40.00 128.00) leaked!
Processing areas...done (0)
Building Faces...done (0)
FixTjuncs...
PruneNodes...
WriteBSP...
done (0)
Finding displacement neighbors...
Finding lightmap sample positions...
Displacement Alpha : 0...1...2...3...4...5...6...7...8...9...10
Building Physics collision data...
done (0) (19839 bytes)
Placing detail props : 0...1...2...3...4...5...6...7...8...9...10
Compacting texture/material tables...
Reduced 55 texinfos to 39
Reduced 4 texdatas to 4 (88 bytes to 88)
Writing C:\Users\Rachel_III\Dropbox\Maps\CSGO\jailbaird.bsp
0 seconds elapsed



8 threads
reading c:\users\rachel_iii\dropbox\maps\csgo\jailbaird.bsp
reading c:\users\rachel_iii\dropbox\maps\csgo\jailbaird.prt
LoadPortals: couldn't read c:\users\rachel_iii\dropbox\maps\csgo\jailbaird.prt



materialPath: C:\Program Files (x86)\Steam\steamapps\common\Counter-Strike Global Offensive\csgo\materials
Loading C:\Users\Rachel_III\Dropbox\Maps\CSGO\jailbaird.vmf
Map revision 13
ConVarRef gpu_level doesn't point to an existing ConVar
fixing up env_cubemap materials on brush sides...
0...1...2...3...4...5...6...7...8...9...10**** leaked ****
Entity func_door (-370.00 40.00 128.00) leaked!
Processing areas...done (0)
Building Faces...done (0)
FixTjuncs...
PruneNodes...
WriteBSP...
done (0)
Finding displacement neighbors...
Finding lightmap sample positions...
Displacement Alpha : 0...1...2...3...4...5...6...7...8...9...10
Building Physics collision data...
done (0) (19839 bytes)
Placing detail props : 0...1...2...3...4...5...6...7...8...9...10
Compacting texture/material tables...
Reduced 55 texinfos to 39
Reduced 4 texdatas to 4 (88 bytes to 88)
Writing C:\Users\Rachel_III\Dropbox\Maps\CSGO\jailbaird.bsp
0 seconds elapsed



8 threads
reading c:\users\rachel_iii\dropbox\maps\csgo\jailbaird.bsp
reading c:\users\rachel_iii\dropbox\maps\csgo\jailbaird.prt
LoadPortals: couldn't read c:\users\rachel_iii\dropbox\maps\csgo\jailbaird.prt



materialPath: C:\Program Files (x86)\Steam\steamapps\common\Counter-Strike Global Offensive\csgo\materials
Loading C:\Users\Rachel_III\Dropbox\Maps\CSGO\jailbaird.vmf
Map revision 13
ConVarRef gpu_level doesn't point to an existing ConVar
fixing up env_cubemap materials on brush sides...
0...1...2...3...4...5...6...7...8...9...10**** leaked ****
Entity func_door (-370.00 40.00 128.00) leaked!
Processing areas...done (0)
Building Faces...done (0)
FixTjuncs...
PruneNodes...
WriteBSP...
done (0)
Finding displacement neighbors...
Finding lightmap sample positions...
Displacement Alpha : 0...1...2...3...4...5...6...7...8...9...10
Building Physics collision data...
done (0) (19839 bytes)
Placing detail props : 0...1...2...3...4...5...6...7...8...9...10
Compacting texture/material tables...
Reduced 55 texinfos to 39
Reduced 4 texdatas to 4 (88 bytes to 88)
Writing C:\Users\Rachel_III\Dropbox\Maps\CSGO\jailbaird.bsp
0 seconds elapsed



8 threads
reading c:\users\rachel_iii\dropbox\maps\csgo\jailbaird.bsp
reading c:\users\rachel_iii\dropbox\maps\csgo\jailbaird.prt
LoadPortals: couldn't read c:\users\rachel_iii\dropbox\maps\csgo\jailbaird.prt



materialPath: C:\Program Files (x86)\Steam\steamapps\common\Counter-Strike Global Offensive\csgo\materials
Loading C:\Users\Rachel_III\Dropbox\Maps\CSGO\jailbaird.vmf
Map revision 13
ConVarRef gpu_level doesn't point to an existing ConVar
fixing up env_cubemap materials on brush sides...
0...1...2...3...4...5...6...7...8...9...10**** leaked ****
Entity func_door (-370.00 40.00 128.00) leaked!
Processing areas...done (0)
Building Faces...done (0)
FixTjuncs...
PruneNodes...
WriteBSP...
done (0)
Finding displacement neighbors...
Finding lightmap sample positions...
Displacement Alpha : 0...1...2...3...4...5...6...7...8...9...10
Building Physics collision data...
done (0) (19839 bytes)
Placing detail props : 0...1...2...3...4...5...6...7...8...9...10
Compacting texture/material tables...
Reduced 55 texinfos to 39
Reduced 4 texdatas to 4 (88 bytes to 88)
Writing C:\Users\Rachel_III\Dropbox\Maps\CSGO\jailbaird.bsp
0 seconds elapsed



8 threads
reading c:\users\rachel_iii\dropbox\maps\csgo\jailbaird.bsp
reading c:\users\rachel_iii\dropbox\maps\csgo\jailbaird.prt
LoadPortals: couldn't read c:\users\rachel_iii\dropbox\maps\csgo\jailbaird.prt



materialPath: C:\Program Files (x86)\Steam\steamapps\common\Counter-Strike Global Offensive\csgo\materials
Loading C:\Users\Rachel_III\Dropbox\Maps\CSGO\jailbaird.vmf
Map revision 13
ConVarRef gpu_level doesn't point to an existing ConVar
fixing up env_cubemap materials on brush sides...
0...1...2...3...4...5...6...7...8...9...10**** leaked ****
Entity func_door (-370.00 40.00 128.00) leaked!
Processing areas...done (0)
Building Faces...done (0)
FixTjuncs...
PruneNodes...
WriteBSP...
done (0)
Finding displacement neighbors...
Finding lightmap sample positions...
Displacement Alpha : 0...1...2...3...4...5...6...7...8...9...10
Building Physics collision data...
done (0) (19839 bytes)
Placing detail props : 0...1...2...3...4...5...6...7...8...9...10
Compacting texture/material tables...
Reduced 55 texinfos to 39
Reduced 4 texdatas to 4 (88 bytes to 88)
Writing C:\Users\Rachel_III\Dropbox\Maps\CSGO\jailbaird.bsp
0 seconds elapsed



8 threads
reading c:\users\rachel_iii\dropbox\maps\csgo\jailbaird.bsp
reading c:\users\rachel_iii\dropbox\maps\csgo\jailbaird.prt
LoadPortals: couldn't read c:\users\rachel_iii\dropbox\maps\csgo\jailbaird.prt



materialPath: C:\Program Files (x86)\Steam\steamapps\common\Counter-Strike Global Offensive\csgo\materials
Loading C:\Users\Rachel_III\Dropbox\Maps\CSGO\jailbaird.vmf
Map revision 13
ConVarRef gpu_level doesn't point to an existing ConVar
fixing up env_cubemap materials on brush sides...
0...1...2...3...4...5...6...7...8...9...10**** leaked ****
Entity func_door (-370.00 40.00 128.00) leaked!
Processing areas...done (0)
Building Faces...done (0)
FixTjuncs...
PruneNodes...
WriteBSP...
done (0)
Finding displacement neighbors...
Finding lightmap sample positions...
Displacement Alpha : 0...1...2...3...4...5...6...7...8...9...10
Building Physics collision data...
done (0) (19839 bytes)
Placing detail props : 0...1...2...3...4...5...6...7...8...9...10
Compacting texture/material tables...
Reduced 55 texinfos to 39
Reduced 4 texdatas to 4 (88 bytes to 88)
Writing C:\Users\Rachel_III\Dropbox\Maps\CSGO\jailbaird.bsp
0 seconds elapsed



8 threads
reading c:\users\rachel_iii\dropbox\maps\csgo\jailbaird.bsp
reading c:\users\rachel_iii\dropbox\maps\csgo\jailbaird.prt
LoadPortals: couldn't read c:\users\rachel_iii\dropbox\maps\csgo\jailbaird.prt



materialPath: C:\Program Files (x86)\Steam\steamapps\common\Counter-Strike Global Offensive\csgo\materials
Loading C:\Users\Rachel_III\Dropbox\Maps\CSGO\jailbaird.vmf
Map revision 13
ConVarRef gpu_level doesn't point to an existing ConVar
fixing up env_cubemap materials on brush sides...
0...1...2...3...4...5...6...7...8...9...10**** leaked ****
Entity func_door (-370.00 40.00 128.00) leaked!
Processing areas...done (0)
Building Faces...done (0)
FixTjuncs...
PruneNodes...
WriteBSP...
done (0)
Finding displacement neighbors...
Finding lightmap sample positions...
Displacement Alpha : 0...1...2...3...4...5...6...7...8...9...10
Building Physics collision data...
done (0) (19839 bytes)
Placing detail props : 0...1...2...3...4...5...6...7...8...9...10
Compacting texture/material tables...
Reduced 55 texinfos to 39
Reduced 4 texdatas to 4 (88 bytes to 88)
Writing C:\Users\Rachel_III\Dropbox\Maps\CSGO\jailbaird.bsp
0 seconds elapsed



8 threads
reading c:\users\rachel_iii\dropbox\maps\csgo\jailbaird.bsp
reading c:\users\rachel_iii\dropbox\maps\csgo\jailbaird.prt
LoadPortals: couldn't read c:\users\rachel_iii\dropbox\maps\csgo\jailbaird.prt
