


materialPath: C:\Program Files (x86)\Steam\steamapps\common\Counter-Strike Global Offensive\csgo\materials
Loading C:\Users\Rachel_III\Dropbox\Maps\CSGO\jailbardt.vmf
Map revision 52
ConVarRef gpu_level doesn't point to an existing ConVar
fixing up env_cubemap materials on brush sides...
0...1...2...3...4...5...6...7...8...9...100...1...2...3...4...5...6...7...8...9...10Processing areas...done (0)
Building Faces...done (0)
FixTjuncs...
PruneNodes...
WriteBSP...
done (0)
writing C:\Users\Rachel_III\Dropbox\Maps\CSGO\jailbardt.prt...Building visibility clusters...
done (0)
Finding displacement neighbors...
Finding lightmap sample positions...
Displacement Alpha : 0...1...2...3...4...5...6...7...8...9...10
Building Physics collision data...
done (0) (63081 bytes)
Placing detail props : 0...1...2...3...4...5...6...7...8...9...10
Compacting texture/material tables...
Reduced 232 texinfos to 188
Reduced 8 texdatas to 7 (162 bytes to 135)
Writing C:\Users\Rachel_III\Dropbox\Maps\CSGO\jailbardt.bsp
0 seconds elapsed



8 threads
reading c:\users\rachel_iii\dropbox\maps\csgo\jailbardt.bsp
reading c:\users\rachel_iii\dropbox\maps\csgo\jailbardt.prt
 340 portalclusters
1104 numportals
0...1...2...3...4...5...6...7...8...9...100...1...2...3...4...5...6...7...8...9...10Optimized: 49 visible clusters (0.00%)
Total clusters visible: 54915
Average clusters visible: 161
Building PAS...
Average clusters audible: 337
visdatasize:30746  compressed from 32640
writing c:\users\rachel_iii\dropbox\maps\csgo\jailbardt.bsp
4 seconds elapsed



[Reading texlights from 'lights.rad']
[2 texlights parsed from 'lights.rad']

Loading c:\users\rachel_iii\dropbox\maps\csgo\jailbardt.bsp
1074 faces
213232 square feet [30705528.00 square inches]
0 Displacements
0 Square Feet [0.00 Square Inches]
1074 patches before subdivision
13978 patches after subdivision
18 direct lights
0...1...2...3...4...5...6...7...8...9...100...1...2...3...4...5...6...7...8...9...10transfers 1837104, max 658
transfer lists:  14.0 megs
0...1...2...3...4...5...6...7...8...9...10	Bounce #1 added RGB(0, 0, 0)
Build Patch/Sample Hash Table(s).....Done<0.0055 sec>
0...1...2...3...4...5...6...7...8...9...10FinalLightFace Done
0 of 0 (0% of) surface lights went in leaf ambient cubes.
0...1...2...3...4...5...6...7...8...9...10Writing leaf ambient...done
Ready to Finish

Object names       Objects/Maxobjs  Memory / Maxmem  Fullness 
------------       ---------------  ---------------  -------- 
models                  21/1024         1008/49152    ( 2.1%) 
brushes                162/8192         1944/98304    ( 2.0%) 
brushsides             972/65536        7776/524288   ( 1.5%) 
planes                 352/65536        7040/1310720  ( 0.5%) 
vertexes              1658/65536       19896/786432   ( 2.5%) 
nodes                  709/65536       22688/2097152  ( 1.1%) 
texinfos               188/12288       13536/884736   ( 1.5%) 
texdata                  7/2048          224/65536    ( 0.3%) 
dispinfos                0/0               0/0        ( 0.0%) 
disp_verts               0/0               0/0        ( 0.0%) 
disp_tris                0/0               0/0        ( 0.0%) 
disp_multiblend          0/0               0/0        ( 0.0%) 
disp_lmsamples           0/0               0/0        ( 0.0%) 
faces                 1074/65536       60144/3670016  ( 1.6%) 
hdr faces                0/65536           0/3670016  ( 0.0%) 
origfaces              543/65536       30408/3670016  ( 0.8%) 
facebrushes              9/0              18/0        ( 0.0%) 
facebrushlists        1074/0            4296/0        ( 0.0%) 
leaves                 731/65536       23392/2097152  ( 1.1%) 
leaffaces             1259/65536        2518/131072   ( 1.9%) 
leafbrushes            338/65536         676/131072   ( 0.5%) 
areas                    2/1024           16/8192     ( 0.2%) 
surfedges             7086/512000      28344/2048000  ( 1.4%) 
edges                 4155/256000      16620/1024000  ( 1.6%) 
LDR worldlights         18/8192         1800/819200   ( 0.2%) 
HDR worldlights          0/8192            0/819200   ( 0.0%) 
leafwaterdata            0/32768           0/393216   ( 0.0%) 
waterstrips            106/32768        1060/327680   ( 0.3%) 
waterverts               0/65536           0/786432   ( 0.0%) 
waterindices          1914/65536        3828/131072   ( 2.9%) 
cubemapsamples           0/1024            0/16384    ( 0.0%) 
overlays                 0/512             0/180224   ( 0.0%) 
LDR lightdata         [variable]      716769/0        ( 0.0%) 
HDR lightdata         [variable]           0/0        ( 0.0%) 
visdata               [variable]       30746/16777216 ( 0.2%) 
entdata               [variable]       29681/393216   ( 7.5%) 
LDR ambient table      731/65536        2924/262144   ( 1.1%) 
HDR ambient table      731/65536        2924/262144   ( 1.1%) 
LDR leaf ambient       479/65536       13412/1835008  ( 0.7%) 
HDR leaf ambient       731/65536       20468/1835008  ( 1.1%) 
occluders                0/0               0/0        ( 0.0%) 
occluder polygons        0/0               0/0        ( 0.0%) 
occluder vert ind        0/0               0/0        ( 0.0%) 
detail props          [variable]           1/12       ( 8.3%) 
static props          [variable]           1/16724    ( 0.0%) 
pakfile               [variable]       74434/0        ( 0.0%) 
physics               [variable]       63081/4194304  ( 1.5%) 
physics terrain       [variable]           2/1048576  ( 0.0%) 

Level flags = 4

Total triangle count: 2766
Writing c:\users\rachel_iii\dropbox\maps\csgo\jailbardt.bsp
6 seconds elapsed



materialPath: C:\Program Files (x86)\Steam\steamapps\common\Counter-Strike Global Offensive\csgo\materials
Loading C:\Users\Rachel_III\Dropbox\Maps\CSGO\jailbardt.vmf
Map revision 58
ConVarRef gpu_level doesn't point to an existing ConVar
fixing up env_cubemap materials on brush sides...
0...1...2...3...4...5...6...7...8...9...100...1...2...3...4...5...6...7...8...9...10Processing areas...done (0)
Building Faces...done (0)
FixTjuncs...
PruneNodes...
WriteBSP...
done (0)
writing C:\Users\Rachel_III\Dropbox\Maps\CSGO\jailbardt.prt...Building visibility clusters...
done (0)
Finding displacement neighbors...
Finding lightmap sample positions...
Displacement Alpha : 0...1...2...3...4...5...6...7...8...9...10
Building Physics collision data...
done (0) (90755 bytes)
Placing detail props : 0...1...2...3...4...5...6...7...8...9...10
Compacting texture/material tables...
Reduced 285 texinfos to 227
Reduced 16 texdatas to 15 (377 bytes to 350)
Writing C:\Users\Rachel_III\Dropbox\Maps\CSGO\jailbardt.bsp
0 seconds elapsed



8 threads
reading c:\users\rachel_iii\dropbox\maps\csgo\jailbardt.bsp
reading c:\users\rachel_iii\dropbox\maps\csgo\jailbardt.prt
 464 portalclusters
1439 numportals
0...1...2...3...4...5...6...7...8...9...100...1...2...3...4...5...6...7...8...9...10Optimized: 767 visible clusters (0.00%)
Total clusters visible: 79409
Average clusters visible: 171
Building PAS...
Average clusters audible: 425
visdatasize:53037  compressed from 59392
writing c:\users\rachel_iii\dropbox\maps\csgo\jailbardt.bsp
4 seconds elapsed



[Reading texlights from 'lights.rad']
[2 texlights parsed from 'lights.rad']

Loading c:\users\rachel_iii\dropbox\maps\csgo\jailbardt.bsp
1402 faces
216516 square feet [31178324.00 square inches]
0 Displacements
0 Square Feet [0.00 Square Inches]
1402 patches before subdivision
16184 patches after subdivision
51 direct lights
0...1...2...3...4...5...6...7...8...9...100...1...2...3...4...5...6...7...8...9...10transfers 2167722, max 655
transfer lists:  16.5 megs
0...1...2...3...4...5...6...7...8...9...10	Bounce #1 added RGB(28103, 28357, 26625)
0...1...2...3...4...5...6...7...8...9...10	Bounce #2 added RGB(5411, 5408, 4587)
0...1...2...3...4...5...6...7...8...9...10	Bounce #3 added RGB(1138, 1137, 881)
0...1...2...3...4...5...6...7...8...9...10	Bounce #4 added RGB(239, 239, 169)
0...1...2...3...4...5...6...7...8...9...10	Bounce #5 added RGB(50, 50, 33)
0...1...2...3...4...5...6...7...8...9...10	Bounce #6 added RGB(11, 11, 6)
0...1...2...3...4...5...6...7...8...9...10	Bounce #7 added RGB(2, 2, 1)
0...1...2...3...4...5...6...7...8...9...10	Bounce #8 added RGB(0, 0, 0)
Build Patch/Sample Hash Table(s).....Done<0.0083 sec>
0...1...2...3...4...5...6...7...8...9...10FinalLightFace Done
0 of 0 (0% of) surface lights went in leaf ambient cubes.
0...1...2...3...4...5...6...7...8...9...10Writing leaf ambient...done
Ready to Finish

Object names       Objects/Maxobjs  Memory / Maxmem  Fullness 
------------       ---------------  ---------------  -------- 
models                  23/1024         1104/49152    ( 2.2%) 
brushes                237/8192         2844/98304    ( 2.9%) 
brushsides            1422/65536       11376/524288   ( 2.2%) 
planes                 492/65536        9840/1310720  ( 0.8%) 
vertexes              2206/65536       26472/786432   ( 3.4%) 
nodes                  980/65536       31360/2097152  ( 1.5%) 
texinfos               227/12288       16344/884736   ( 1.8%) 
texdata                 15/2048          480/65536    ( 0.7%) 
dispinfos                0/0               0/0        ( 0.0%) 
disp_verts               0/0               0/0        ( 0.0%) 
disp_tris                0/0               0/0        ( 0.0%) 
disp_multiblend          0/0               0/0        ( 0.0%) 
disp_lmsamples           0/0               0/0        ( 0.0%) 
faces                 1402/65536       78512/3670016  ( 2.1%) 
hdr faces                0/65536           0/3670016  ( 0.0%) 
origfaces              754/65536       42224/3670016  ( 1.2%) 
facebrushes             83/0             166/0        ( 0.0%) 
facebrushlists        1402/0            5608/0        ( 0.0%) 
leaves                1004/65536       32128/2097152  ( 1.5%) 
leaffaces             1664/65536        3328/131072   ( 2.5%) 
leafbrushes            475/65536         950/131072   ( 0.7%) 
areas                    2/1024           16/8192     ( 0.2%) 
surfedges             9468/512000      37872/2048000  ( 1.8%) 
edges                 5615/256000      22460/1024000  ( 2.2%) 
LDR worldlights         51/8192         5100/819200   ( 0.6%) 
HDR worldlights          0/8192            0/819200   ( 0.0%) 
leafwaterdata            0/32768           0/393216   ( 0.0%) 
waterstrips            128/32768        1280/327680   ( 0.4%) 
waterverts               0/65536           0/786432   ( 0.0%) 
waterindices          2337/65536        4674/131072   ( 3.6%) 
cubemapsamples           0/1024            0/16384    ( 0.0%) 
overlays                 0/512             0/180224   ( 0.0%) 
LDR lightdata         [variable]     1177615/0        ( 0.0%) 
HDR lightdata         [variable]           0/0        ( 0.0%) 
visdata               [variable]       53037/16777216 ( 0.3%) 
entdata               [variable]       51778/393216   (13.2%) 
LDR ambient table     1004/65536        4016/262144   ( 1.5%) 
HDR ambient table     1004/65536        4016/262144   ( 1.5%) 
LDR leaf ambient      3532/65536       98896/1835008  ( 5.4%) 
HDR leaf ambient      1004/65536       28112/1835008  ( 1.5%) 
occluders                0/0               0/0        ( 0.0%) 
occluder polygons        0/0               0/0        ( 0.0%) 
occluder vert ind        0/0               0/0        ( 0.0%) 
detail props          [variable]           1/12       ( 8.3%) 
static props          [variable]           1/17176    ( 0.0%) 
pakfile               [variable]       74434/0        ( 0.0%) 
physics               [variable]       90755/4194304  ( 2.2%) 
physics terrain       [variable]           2/1048576  ( 0.0%) 

Level flags = 4

Total triangle count: 3648
Writing c:\users\rachel_iii\dropbox\maps\csgo\jailbardt.bsp
15 seconds elapsed



materialPath: C:\Program Files (x86)\Steam\steamapps\common\Counter-Strike Global Offensive\csgo\materials
Loading C:\Users\Rachel_III\Dropbox\Maps\CSGO\jailbardt.vmf
Map revision 59
ConVarRef gpu_level doesn't point to an existing ConVar
fixing up env_cubemap materials on brush sides...
0...1...2...3...4...5...6...7...8...9...100...1...2...3...4...5...6...7...8...9...10Processing areas...done (0)
Building Faces...done (0)
FixTjuncs...
PruneNodes...
WriteBSP...
done (0)
writing C:\Users\Rachel_III\Dropbox\Maps\CSGO\jailbardt.prt...Building visibility clusters...
done (0)
Finding displacement neighbors...
Finding lightmap sample positions...
Displacement Alpha : 0...1...2...3...4...5...6...7...8...9...10
Building Physics collision data...
done (0) (100148 bytes)
Placing detail props : 0...1...2...3...4...5...6...7...8...9...10
Compacting texture/material tables...
Reduced 316 texinfos to 249
Reduced 17 texdatas to 16 (396 bytes to 369)
Writing C:\Users\Rachel_III\Dropbox\Maps\CSGO\jailbardt.bsp
0 seconds elapsed



8 threads
reading c:\users\rachel_iii\dropbox\maps\csgo\jailbardt.bsp
reading c:\users\rachel_iii\dropbox\maps\csgo\jailbardt.prt
 518 portalclusters
1579 numportals
0...1...2...3...4...5...6...7...8...9...100...1...2...3...4...5...6...7...8...9...10Optimized: 776 visible clusters (0.00%)
Total clusters visible: 87282
Average clusters visible: 168
Building PAS...
Average clusters audible: 457
visdatasize:64803  compressed from 74592
writing c:\users\rachel_iii\dropbox\maps\csgo\jailbardt.bsp
5 seconds elapsed



[Reading texlights from 'lights.rad']
[2 texlights parsed from 'lights.rad']

Loading c:\users\rachel_iii\dropbox\maps\csgo\jailbardt.bsp
1531 faces
216930 square feet [31238040.00 square inches]
0 Displacements
0 Square Feet [0.00 Square Inches]
1531 patches before subdivision
16473 patches after subdivision
53 direct lights
0...1...2...3...4...5...6...7...8...9...100...1...2...3...4...5...6...7...8...9...10transfers 2218866, max 655
transfer lists:  16.9 megs
0...1...2...3...4...5...6...7...8...9...10	Bounce #1 added RGB(29962, 30351, 28552)
0...1...2...3...4...5...6...7...8...9...10	Bounce #2 added RGB(5542, 5557, 4726)
0...1...2...3...4...5...6...7...8...9...10	Bounce #3 added RGB(1147, 1148, 891)
0...1...2...3...4...5...6...7...8...9...10	Bounce #4 added RGB(239, 240, 170)
0...1...2...3...4...5...6...7...8...9...10	Bounce #5 added RGB(50, 50, 33)
0...1...2...3...4...5...6...7...8...9...10	Bounce #6 added RGB(11, 11, 6)
0...1...2...3...4...5...6...7...8...9...10	Bounce #7 added RGB(2, 2, 1)
0...1...2...3...4...5...6...7...8...9...10	Bounce #8 added RGB(0, 0, 0)
Build Patch/Sample Hash Table(s).....Done<0.0048 sec>
0...1...2...3...4...5...6...7...8...9...10FinalLightFace Done
0 of 0 (0% of) surface lights went in leaf ambient cubes.
0...1...2...3...4...5...6...7...8...9...10Writing leaf ambient...done
Ready to Finish

Object names       Objects/Maxobjs  Memory / Maxmem  Fullness 
------------       ---------------  ---------------  -------- 
models                  24/1024         1152/49152    ( 2.3%) 
brushes                263/8192         3156/98304    ( 3.2%) 
brushsides            1578/65536       12624/524288   ( 2.4%) 
planes                 498/65536        9960/1310720  ( 0.8%) 
vertexes              2431/65536       29172/786432   ( 3.7%) 
nodes                 1088/65536       34816/2097152  ( 1.7%) 
texinfos               249/12288       17928/884736   ( 2.0%) 
texdata                 16/2048          512/65536    ( 0.8%) 
dispinfos                0/0               0/0        ( 0.0%) 
disp_verts               0/0               0/0        ( 0.0%) 
disp_tris                0/0               0/0        ( 0.0%) 
disp_multiblend          0/0               0/0        ( 0.0%) 
disp_lmsamples           0/0               0/0        ( 0.0%) 
faces                 1531/65536       85736/3670016  ( 2.3%) 
hdr faces                0/65536           0/3670016  ( 0.0%) 
origfaces              840/65536       47040/3670016  ( 1.3%) 
facebrushes            118/0             236/0        ( 0.0%) 
facebrushlists        1531/0            6124/0        ( 0.0%) 
leaves                1113/65536       35616/2097152  ( 1.7%) 
leaffaces             1812/65536        3624/131072   ( 2.8%) 
leafbrushes            531/65536        1062/131072   ( 0.8%) 
areas                    2/1024           16/8192     ( 0.2%) 
surfedges            10424/512000      41696/2048000  ( 2.0%) 
edges                 6193/256000      24772/1024000  ( 2.4%) 
LDR worldlights         53/8192         5300/819200   ( 0.6%) 
HDR worldlights          0/8192            0/819200   ( 0.0%) 
leafwaterdata            0/32768           0/393216   ( 0.0%) 
waterstrips            139/32768        1390/327680   ( 0.4%) 
waterverts               0/65536           0/786432   ( 0.0%) 
waterindices          2559/65536        5118/131072   ( 3.9%) 
cubemapsamples           0/1024            0/16384    ( 0.0%) 
overlays                 0/512             0/180224   ( 0.0%) 
LDR lightdata         [variable]     1190060/0        ( 0.0%) 
HDR lightdata         [variable]           0/0        ( 0.0%) 
visdata               [variable]       64803/16777216 ( 0.4%) 
entdata               [variable]       53971/393216   (13.7%) 
LDR ambient table     1113/65536        4452/262144   ( 1.7%) 
HDR ambient table     1113/65536        4452/262144   ( 1.7%) 
LDR leaf ambient      3875/65536      108500/1835008  ( 5.9%) 
HDR leaf ambient      1113/65536       31164/1835008  ( 1.7%) 
occluders                0/0               0/0        ( 0.0%) 
occluder polygons        0/0               0/0        ( 0.0%) 
occluder vert ind        0/0               0/0        ( 0.0%) 
detail props          [variable]           1/12       ( 8.3%) 
static props          [variable]           1/17336    ( 0.0%) 
pakfile               [variable]       74434/0        ( 0.0%) 
physics               [variable]      100148/4194304  ( 2.4%) 
physics terrain       [variable]           2/1048576  ( 0.0%) 

Level flags = 4

Total triangle count: 4002
Writing c:\users\rachel_iii\dropbox\maps\csgo\jailbardt.bsp
19 seconds elapsed



materialPath: C:\Program Files (x86)\Steam\steamapps\common\Counter-Strike Global Offensive\csgo\materials
Loading C:\Users\Rachel_III\Dropbox\Maps\CSGO\jailbardt.vmf
Map revision 60
ConVarRef gpu_level doesn't point to an existing ConVar
fixing up env_cubemap materials on brush sides...
0...1...2...3...4...5...6...7...8...9...100...1...2...3...4...5...6...7...8...9...10Processing areas...done (0)
Building Faces...done (0)
FixTjuncs...
PruneNodes...
WriteBSP...
done (0)
writing C:\Users\Rachel_III\Dropbox\Maps\CSGO\jailbardt.prt...Building visibility clusters...
done (0)
Finding displacement neighbors...
Finding lightmap sample positions...
Displacement Alpha : 0...1...2...3...4...5...6...7...8...9...10
Building Physics collision data...
done (0) (100148 bytes)
Placing detail props : 0...1...2...3...4...5...6...7...8...9...10
Compacting texture/material tables...
Reduced 316 texinfos to 249
Reduced 17 texdatas to 16 (396 bytes to 369)
Writing C:\Users\Rachel_III\Dropbox\Maps\CSGO\jailbardt.bsp
0 seconds elapsed



8 threads
reading c:\users\rachel_iii\dropbox\maps\csgo\jailbardt.bsp
reading c:\users\rachel_iii\dropbox\maps\csgo\jailbardt.prt
 518 portalclusters
1579 numportals
0...1...2...3...4...5...6...7...8...9...100...1...2...3...4...5...6...7...8...9...10Optimized: 776 visible clusters (0.00%)
Total clusters visible: 87282
Average clusters visible: 168
Building PAS...
Average clusters audible: 457
visdatasize:64803  compressed from 74592
writing c:\users\rachel_iii\dropbox\maps\csgo\jailbardt.bsp
4 seconds elapsed



[Reading texlights from 'lights.rad']
[2 texlights parsed from 'lights.rad']

Loading c:\users\rachel_iii\dropbox\maps\csgo\jailbardt.bsp
1531 faces
216930 square feet [31238040.00 square inches]
0 Displacements
0 Square Feet [0.00 Square Inches]
1531 patches before subdivision
16473 patches after subdivision
53 direct lights
0...1...2...3...4...5...6...7...8...9...100...1...2...3...4...5...6...7...8...9...10transfers 2218866, max 655
transfer lists:  16.9 megs
0...1...2...3...4...5...6...7...8...9...10	Bounce #1 added RGB(29962, 30351, 28552)
0...1...2...3...4...5...6...7...8...9...10	Bounce #2 added RGB(5542, 5557, 4726)
0...1...2...3...4...5...6...7...8...9...10	Bounce #3 added RGB(1147, 1148, 891)
0...1...2...3...4...5...6...7...8...9...10	Bounce #4 added RGB(239, 240, 170)
0...1...2...3...4...5...6...7...8...9...10	Bounce #5 added RGB(50, 50, 33)
0...1...2...3...4...5...6...7...8...9...10	Bounce #6 added RGB(11, 11, 6)
0...1...2...3...4...5...6...7...8...9...10	Bounce #7 added RGB(2, 2, 1)
0...1...2...3...4...5...6...7...8...9...10	Bounce #8 added RGB(0, 0, 0)
Build Patch/Sample Hash Table(s).....Done<0.0049 sec>
0...1...2...3...4...5...6...7...8...9...10FinalLightFace Done
0 of 0 (0% of) surface lights went in leaf ambient cubes.
0...1...2...3...4...5...6...7...8...9...10Writing leaf ambient...done
Ready to Finish

Object names       Objects/Maxobjs  Memory / Maxmem  Fullness 
------------       ---------------  ---------------  -------- 
models                  24/1024         1152/49152    ( 2.3%) 
brushes                263/8192         3156/98304    ( 3.2%) 
brushsides            1578/65536       12624/524288   ( 2.4%) 
planes                 498/65536        9960/1310720  ( 0.8%) 
vertexes              2431/65536       29172/786432   ( 3.7%) 
nodes                 1088/65536       34816/2097152  ( 1.7%) 
texinfos               249/12288       17928/884736   ( 2.0%) 
texdata                 16/2048          512/65536    ( 0.8%) 
dispinfos                0/0               0/0        ( 0.0%) 
disp_verts               0/0               0/0        ( 0.0%) 
disp_tris                0/0               0/0        ( 0.0%) 
disp_multiblend          0/0               0/0        ( 0.0%) 
disp_lmsamples           0/0               0/0        ( 0.0%) 
faces                 1531/65536       85736/3670016  ( 2.3%) 
hdr faces                0/65536           0/3670016  ( 0.0%) 
origfaces              840/65536       47040/3670016  ( 1.3%) 
facebrushes            118/0             236/0        ( 0.0%) 
facebrushlists        1531/0            6124/0        ( 0.0%) 
leaves                1113/65536       35616/2097152  ( 1.7%) 
leaffaces             1812/65536        3624/131072   ( 2.8%) 
leafbrushes            531/65536        1062/131072   ( 0.8%) 
areas                    2/1024           16/8192     ( 0.2%) 
surfedges            10424/512000      41696/2048000  ( 2.0%) 
edges                 6193/256000      24772/1024000  ( 2.4%) 
LDR worldlights         53/8192         5300/819200   ( 0.6%) 
HDR worldlights          0/8192            0/819200   ( 0.0%) 
leafwaterdata            0/32768           0/393216   ( 0.0%) 
waterstrips            139/32768        1390/327680   ( 0.4%) 
waterverts               0/65536           0/786432   ( 0.0%) 
waterindices          2559/65536        5118/131072   ( 3.9%) 
cubemapsamples           0/1024            0/16384    ( 0.0%) 
overlays                 0/512             0/180224   ( 0.0%) 
LDR lightdata         [variable]     1190060/0        ( 0.0%) 
HDR lightdata         [variable]           0/0        ( 0.0%) 
visdata               [variable]       64803/16777216 ( 0.4%) 
entdata               [variable]       53964/393216   (13.7%) 
LDR ambient table     1113/65536        4452/262144   ( 1.7%) 
HDR ambient table     1113/65536        4452/262144   ( 1.7%) 
LDR leaf ambient      3875/65536      108500/1835008  ( 5.9%) 
HDR leaf ambient      1113/65536       31164/1835008  ( 1.7%) 
occluders                0/0               0/0        ( 0.0%) 
occluder polygons        0/0               0/0        ( 0.0%) 
occluder vert ind        0/0               0/0        ( 0.0%) 
detail props          [variable]           1/12       ( 8.3%) 
static props          [variable]           1/17336    ( 0.0%) 
pakfile               [variable]       74434/0        ( 0.0%) 
physics               [variable]      100148/4194304  ( 2.4%) 
physics terrain       [variable]           2/1048576  ( 0.0%) 

Level flags = 4

Total triangle count: 4002
Writing c:\users\rachel_iii\dropbox\maps\csgo\jailbardt.bsp
16 seconds elapsed



materialPath: C:\Program Files (x86)\Steam\steamapps\common\Counter-Strike Global Offensive\csgo\materials
Loading C:\Users\Rachel_III\Dropbox\Maps\CSGO\jailbardt.vmf
Map revision 61
ConVarRef gpu_level doesn't point to an existing ConVar
fixing up env_cubemap materials on brush sides...
0...1...2...3...4...5...6...7...8...9...100...1...2...3...4...5...6...7...8...9...10Processing areas...done (0)
Building Faces...done (0)
FixTjuncs...
PruneNodes...
WriteBSP...
done (0)
writing C:\Users\Rachel_III\Dropbox\Maps\CSGO\jailbardt.prt...Building visibility clusters...
done (0)
Finding displacement neighbors...
Finding lightmap sample positions...
Displacement Alpha : 0...1...2...3...4...5...6...7...8...9...10
Building Physics collision data...
done (0) (100148 bytes)
Placing detail props : 0...1...2...3...4...5...6...7...8...9...10
Compacting texture/material tables...
Reduced 316 texinfos to 249
Reduced 17 texdatas to 16 (396 bytes to 369)
Writing C:\Users\Rachel_III\Dropbox\Maps\CSGO\jailbardt.bsp
0 seconds elapsed



8 threads
reading c:\users\rachel_iii\dropbox\maps\csgo\jailbardt.bsp
reading c:\users\rachel_iii\dropbox\maps\csgo\jailbardt.prt
 518 portalclusters
1579 numportals
0...1...2...3...4...5...6...7...8...9...100...1...2...3...4...5...6...7...8...9...10Optimized: 776 visible clusters (0.00%)
Total clusters visible: 87282
Average clusters visible: 168
Building PAS...
Average clusters audible: 457
visdatasize:64803  compressed from 74592
writing c:\users\rachel_iii\dropbox\maps\csgo\jailbardt.bsp
6 seconds elapsed



[Reading texlights from 'lights.rad']
[2 texlights parsed from 'lights.rad']

Loading c:\users\rachel_iii\dropbox\maps\csgo\jailbardt.bsp
1531 faces
216930 square feet [31238040.00 square inches]
0 Displacements
0 Square Feet [0.00 Square Inches]
1531 patches before subdivision
16473 patches after subdivision
53 direct lights
0...1...2...3...4...5...6...7...8...9...100...1...2...3...4...5...6...7...8...9...10transfers 2218866, max 655
transfer lists:  16.9 megs
0...1...2...3...4...5...6...7...8...9...10	Bounce #1 added RGB(29962, 30351, 28552)
0...1...2...3...4...5...6...7...8...9...10	Bounce #2 added RGB(5542, 5557, 4726)
0...1...2...3...4...5...6...7...8...9...10	Bounce #3 added RGB(1147, 1148, 891)
0...1...2...3...4...5...6...7...8...9...10	Bounce #4 added RGB(239, 240, 170)
0...1...2...3...4...5...6...7...8...9...10	Bounce #5 added RGB(50, 50, 33)
0...1...2...3...4...5...6...7...8...9...10	Bounce #6 added RGB(11, 11, 6)
0...1...2...3...4...5...6...7...8...9...10	Bounce #7 added RGB(2, 2, 1)
0...1...2...3...4...5...6...7...8...9...10	Bounce #8 added RGB(0, 0, 0)
Build Patch/Sample Hash Table(s).....Done<0.0065 sec>
0...1...2...3...4...5...6...7...8...9...10FinalLightFace Done
0 of 0 (0% of) surface lights went in leaf ambient cubes.
0...1...2...3...4...5...6...7...8...9...10Writing leaf ambient...done
Ready to Finish

Object names       Objects/Maxobjs  Memory / Maxmem  Fullness 
------------       ---------------  ---------------  -------- 
models                  24/1024         1152/49152    ( 2.3%) 
brushes                263/8192         3156/98304    ( 3.2%) 
brushsides            1578/65536       12624/524288   ( 2.4%) 
planes                 498/65536        9960/1310720  ( 0.8%) 
vertexes              2431/65536       29172/786432   ( 3.7%) 
nodes                 1088/65536       34816/2097152  ( 1.7%) 
texinfos               249/12288       17928/884736   ( 2.0%) 
texdata                 16/2048          512/65536    ( 0.8%) 
dispinfos                0/0               0/0        ( 0.0%) 
disp_verts               0/0               0/0        ( 0.0%) 
disp_tris                0/0               0/0        ( 0.0%) 
disp_multiblend          0/0               0/0        ( 0.0%) 
disp_lmsamples           0/0               0/0        ( 0.0%) 
faces                 1531/65536       85736/3670016  ( 2.3%) 
hdr faces                0/65536           0/3670016  ( 0.0%) 
origfaces              840/65536       47040/3670016  ( 1.3%) 
facebrushes            118/0             236/0        ( 0.0%) 
facebrushlists        1531/0            6124/0        ( 0.0%) 
leaves                1113/65536       35616/2097152  ( 1.7%) 
leaffaces             1812/65536        3624/131072   ( 2.8%) 
leafbrushes            531/65536        1062/131072   ( 0.8%) 
areas                    2/1024           16/8192     ( 0.2%) 
surfedges            10424/512000      41696/2048000  ( 2.0%) 
edges                 6193/256000      24772/1024000  ( 2.4%) 
LDR worldlights         53/8192         5300/819200   ( 0.6%) 
HDR worldlights          0/8192            0/819200   ( 0.0%) 
leafwaterdata            0/32768           0/393216   ( 0.0%) 
waterstrips            139/32768        1390/327680   ( 0.4%) 
waterverts               0/65536           0/786432   ( 0.0%) 
waterindices          2559/65536        5118/131072   ( 3.9%) 
cubemapsamples           0/1024            0/16384    ( 0.0%) 
overlays                 0/512             0/180224   ( 0.0%) 
LDR lightdata         [variable]     1190060/0        ( 0.0%) 
HDR lightdata         [variable]           0/0        ( 0.0%) 
visdata               [variable]       64803/16777216 ( 0.4%) 
entdata               [variable]       54253/393216   (13.8%) 
LDR ambient table     1113/65536        4452/262144   ( 1.7%) 
HDR ambient table     1113/65536        4452/262144   ( 1.7%) 
LDR leaf ambient      3875/65536      108500/1835008  ( 5.9%) 
HDR leaf ambient      1113/65536       31164/1835008  ( 1.7%) 
occluders                0/0               0/0        ( 0.0%) 
occluder polygons        0/0               0/0        ( 0.0%) 
occluder vert ind        0/0               0/0        ( 0.0%) 
detail props          [variable]           1/12       ( 8.3%) 
static props          [variable]           1/17336    ( 0.0%) 
pakfile               [variable]       74434/0        ( 0.0%) 
physics               [variable]      100148/4194304  ( 2.4%) 
physics terrain       [variable]           2/1048576  ( 0.0%) 

Level flags = 4

Total triangle count: 4002
Writing c:\users\rachel_iii\dropbox\maps\csgo\jailbardt.bsp
21 seconds elapsed



materialPath: C:\Program Files (x86)\Steam\steamapps\common\Counter-Strike Global Offensive\csgo\materials
Loading C:\Users\Rachel_III\Dropbox\Maps\CSGO\jailbardt.vmf
Map revision 62
ConVarRef gpu_level doesn't point to an existing ConVar
fixing up env_cubemap materials on brush sides...
0...1...2...3...4...5...6...7...8...9...100...1...2...3...4...5...6...7...8...9...10Processing areas...done (0)
Building Faces...done (0)
FixTjuncs...
PruneNodes...
WriteBSP...
done (0)
writing C:\Users\Rachel_III\Dropbox\Maps\CSGO\jailbardt.prt...Building visibility clusters...
done (0)
Finding displacement neighbors...
Finding lightmap sample positions...
Displacement Alpha : 0...1...2...3...4...5...6...7...8...9...10
Building Physics collision data...
done (0) (100148 bytes)
Placing detail props : 0...1...2...3...4...5...6...7...8...9...10
Compacting texture/material tables...
Reduced 313 texinfos to 246
Reduced 16 texdatas to 15 (377 bytes to 350)
Writing C:\Users\Rachel_III\Dropbox\Maps\CSGO\jailbardt.bsp
0 seconds elapsed



8 threads
reading c:\users\rachel_iii\dropbox\maps\csgo\jailbardt.bsp
reading c:\users\rachel_iii\dropbox\maps\csgo\jailbardt.prt
 518 portalclusters
1579 numportals
0...1...2...3...4...5...6...7...8...9...100...1...2...3...4...5...6...7...8...9...10Optimized: 776 visible clusters (0.00%)
Total clusters visible: 87282
Average clusters visible: 168
Building PAS...
Average clusters audible: 457
visdatasize:64803  compressed from 74592
writing c:\users\rachel_iii\dropbox\maps\csgo\jailbardt.bsp
4 seconds elapsed



[Reading texlights from 'lights.rad']
[2 texlights parsed from 'lights.rad']

Loading c:\users\rachel_iii\dropbox\maps\csgo\jailbardt.bsp
1525 faces
216733 square feet [31209560.00 square inches]
0 Displacements
0 Square Feet [0.00 Square Inches]
1525 patches before subdivision
16467 patches after subdivision
53 direct lights
0...1...2...3...4...5...6...7...8...9...100...1...2...3...4...5...6...7...8...9...10transfers 2217873, max 655
transfer lists:  16.9 megs
0...1...2...3...4...5...6...7...8...9...10	Bounce #1 added RGB(29918, 30305, 28508)
0...1...2...3...4...5...6...7...8...9...10	Bounce #2 added RGB(5538, 5553, 4723)
0...1...2...3...4...5...6...7...8...9...10	Bounce #3 added RGB(1147, 1148, 891)
0...1...2...3...4...5...6...7...8...9...10	Bounce #4 added RGB(239, 240, 170)
0...1...2...3...4...5...6...7...8...9...10	Bounce #5 added RGB(50, 50, 33)
0...1...2...3...4...5...6...7...8...9...10	Bounce #6 added RGB(11, 11, 6)
0...1...2...3...4...5...6...7...8...9...10	Bounce #7 added RGB(2, 2, 1)
0...1...2...3...4...5...6...7...8...9...10	Bounce #8 added RGB(0, 0, 0)
Build Patch/Sample Hash Table(s).....Done<0.0049 sec>
0...1...2...3...4...5...6...7...8...9...10FinalLightFace Done
0 of 0 (0% of) surface lights went in leaf ambient cubes.
0...1...2...3...4...5...6...7...8...9...10Writing leaf ambient...done
Ready to Finish

Object names       Objects/Maxobjs  Memory / Maxmem  Fullness 
------------       ---------------  ---------------  -------- 
models                  24/1024         1152/49152    ( 2.3%) 
brushes                263/8192         3156/98304    ( 3.2%) 
brushsides            1578/65536       12624/524288   ( 2.4%) 
planes                 498/65536        9960/1310720  ( 0.8%) 
vertexes              2431/65536       29172/786432   ( 3.7%) 
nodes                 1088/65536       34816/2097152  ( 1.7%) 
texinfos               246/12288       17712/884736   ( 2.0%) 
texdata                 15/2048          480/65536    ( 0.7%) 
dispinfos                0/0               0/0        ( 0.0%) 
disp_verts               0/0               0/0        ( 0.0%) 
disp_tris                0/0               0/0        ( 0.0%) 
disp_multiblend          0/0               0/0        ( 0.0%) 
disp_lmsamples           0/0               0/0        ( 0.0%) 
faces                 1525/65536       85400/3670016  ( 2.3%) 
hdr faces                0/65536           0/3670016  ( 0.0%) 
origfaces              834/65536       46704/3670016  ( 1.3%) 
facebrushes            118/0             236/0        ( 0.0%) 
facebrushlists        1525/0            6100/0        ( 0.0%) 
leaves                1113/65536       35616/2097152  ( 1.7%) 
leaffaces             1806/65536        3612/131072   ( 2.8%) 
leafbrushes            531/65536        1062/131072   ( 0.8%) 
areas                    2/1024           16/8192     ( 0.2%) 
surfedges            10376/512000      41504/2048000  ( 2.0%) 
edges                 6169/256000      24676/1024000  ( 2.4%) 
LDR worldlights         53/8192         5300/819200   ( 0.6%) 
HDR worldlights          0/8192            0/819200   ( 0.0%) 
leafwaterdata            0/32768           0/393216   ( 0.0%) 
waterstrips            139/32768        1390/327680   ( 0.4%) 
waterverts               0/65536           0/786432   ( 0.0%) 
waterindices          2559/65536        5118/131072   ( 3.9%) 
cubemapsamples           0/1024            0/16384    ( 0.0%) 
overlays                 0/512             0/180224   ( 0.0%) 
LDR lightdata         [variable]     1190060/0        ( 0.0%) 
HDR lightdata         [variable]           0/0        ( 0.0%) 
visdata               [variable]       64803/16777216 ( 0.4%) 
entdata               [variable]       54253/393216   (13.8%) 
LDR ambient table     1113/65536        4452/262144   ( 1.7%) 
HDR ambient table     1113/65536        4452/262144   ( 1.7%) 
LDR leaf ambient      3875/65536      108500/1835008  ( 5.9%) 
HDR leaf ambient      1113/65536       31164/1835008  ( 1.7%) 
occluders                0/0               0/0        ( 0.0%) 
occluder polygons        0/0               0/0        ( 0.0%) 
occluder vert ind        0/0               0/0        ( 0.0%) 
detail props          [variable]           1/12       ( 8.3%) 
static props          [variable]           1/17336    ( 0.0%) 
pakfile               [variable]       74434/0        ( 0.0%) 
physics               [variable]      100148/4194304  ( 2.4%) 
physics terrain       [variable]           2/1048576  ( 0.0%) 

Level flags = 4

Total triangle count: 3990
Writing c:\users\rachel_iii\dropbox\maps\csgo\jailbardt.bsp
16 seconds elapsed



materialPath: C:\Program Files (x86)\Steam\steamapps\common\Counter-Strike Global Offensive\csgo\materials
Loading C:\Users\Rachel_III\Dropbox\Maps\CSGO\jailbardt.vmf
Map revision 63
ConVarRef gpu_level doesn't point to an existing ConVar
fixing up env_cubemap materials on brush sides...
0...1...2...3...4...5...6...7...8...9...100...1...2...3...4...5...6...7...8...9...10Processing areas...done (0)
Building Faces...done (0)
FixTjuncs...
PruneNodes...
WriteBSP...
done (0)
writing C:\Users\Rachel_III\Dropbox\Maps\CSGO\jailbardt.prt...Building visibility clusters...
done (0)
Finding displacement neighbors...
Finding lightmap sample positions...
Displacement Alpha : 0...1...2...3...4...5...6...7...8...9...10
Building Physics collision data...
done (0) (100412 bytes)
Placing detail props : 0...1...2...3...4...5...6...7...8...9...10
Compacting texture/material tables...
Reduced 320 texinfos to 249
Reduced 17 texdatas to 16 (396 bytes to 369)
Writing C:\Users\Rachel_III\Dropbox\Maps\CSGO\jailbardt.bsp
0 seconds elapsed



8 threads
reading c:\users\rachel_iii\dropbox\maps\csgo\jailbardt.bsp
reading c:\users\rachel_iii\dropbox\maps\csgo\jailbardt.prt
 518 portalclusters
1579 numportals
0...1...2...3...4...5...6...7...8...9...100...1...2...3...4...5...6...7...8...9...10Optimized: 763 visible clusters (0.00%)
Total clusters visible: 87303
Average clusters visible: 168
Building PAS...
Average clusters audible: 457
visdatasize:64810  compressed from 74592
writing c:\users\rachel_iii\dropbox\maps\csgo\jailbardt.bsp
4 seconds elapsed



[Reading texlights from 'lights.rad']
[2 texlights parsed from 'lights.rad']

Loading c:\users\rachel_iii\dropbox\maps\csgo\jailbardt.bsp
1530 faces
216937 square feet [31238936.00 square inches]
0 Displacements
0 Square Feet [0.00 Square Inches]
1530 patches before subdivision
16474 patches after subdivision
53 direct lights
0...1...2...3...4...5...6...7...8...9...100...1...2...3...4...5...6...7...8...9...10transfers 2218120, max 655
transfer lists:  16.9 megs
0...1...2...3...4...5...6...7...8...9...10	Bounce #1 added RGB(29990, 30380, 28581)
0...1...2...3...4...5...6...7...8...9...10	Bounce #2 added RGB(5544, 5560, 4728)
0...1...2...3...4...5...6...7...8...9...10	Bounce #3 added RGB(1147, 1148, 892)
0...1...2...3...4...5...6...7...8...9...10	Bounce #4 added RGB(239, 240, 170)
0...1...2...3...4...5...6...7...8...9...10	Bounce #5 added RGB(50, 50, 33)
0...1...2...3...4...5...6...7...8...9...10	Bounce #6 added RGB(11, 11, 6)
0...1...2...3...4...5...6...7...8...9...10	Bounce #7 added RGB(2, 2, 1)
0...1...2...3...4...5...6...7...8...9...10	Bounce #8 added RGB(0, 0, 0)
Build Patch/Sample Hash Table(s).....Done<0.0048 sec>
0...1...2...3...4...5...6...7...8...9...10FinalLightFace Done
0 of 0 (0% of) surface lights went in leaf ambient cubes.
0...1...2...3...4...5...6...7...8...9...10Writing leaf ambient...done
Ready to Finish

Object names       Objects/Maxobjs  Memory / Maxmem  Fullness 
------------       ---------------  ---------------  -------- 
models                  24/1024         1152/49152    ( 2.3%) 
brushes                264/8192         3168/98304    ( 3.2%) 
brushsides            1584/65536       12672/524288   ( 2.4%) 
planes                 498/65536        9960/1310720  ( 0.8%) 
vertexes              2433/65536       29196/786432   ( 3.7%) 
nodes                 1088/65536       34816/2097152  ( 1.7%) 
texinfos               249/12288       17928/884736   ( 2.0%) 
texdata                 16/2048          512/65536    ( 0.8%) 
dispinfos                0/0               0/0        ( 0.0%) 
disp_verts               0/0               0/0        ( 0.0%) 
disp_tris                0/0               0/0        ( 0.0%) 
disp_multiblend          0/0               0/0        ( 0.0%) 
disp_lmsamples           0/0               0/0        ( 0.0%) 
faces                 1530/65536       85680/3670016  ( 2.3%) 
hdr faces                0/65536           0/3670016  ( 0.0%) 
origfaces              840/65536       47040/3670016  ( 1.3%) 
facebrushes            121/0             242/0        ( 0.0%) 
facebrushlists        1530/0            6120/0        ( 0.0%) 
leaves                1113/65536       35616/2097152  ( 1.7%) 
leaffaces             1811/65536        3622/131072   ( 2.8%) 
leafbrushes            532/65536        1064/131072   ( 0.8%) 
areas                    2/1024           16/8192     ( 0.2%) 
surfedges            10422/512000      41688/2048000  ( 2.0%) 
edges                 6193/256000      24772/1024000  ( 2.4%) 
LDR worldlights         53/8192         5300/819200   ( 0.6%) 
HDR worldlights          0/8192            0/819200   ( 0.0%) 
leafwaterdata            0/32768           0/393216   ( 0.0%) 
waterstrips            139/32768        1390/327680   ( 0.4%) 
waterverts               0/65536           0/786432   ( 0.0%) 
waterindices          2553/65536        5106/131072   ( 3.9%) 
cubemapsamples           0/1024            0/16384    ( 0.0%) 
overlays                 0/512             0/180224   ( 0.0%) 
LDR lightdata         [variable]     1191186/0        ( 0.0%) 
HDR lightdata         [variable]           0/0        ( 0.0%) 
visdata               [variable]       64810/16777216 ( 0.4%) 
entdata               [variable]       53967/393216   (13.7%) 
LDR ambient table     1113/65536        4452/262144   ( 1.7%) 
HDR ambient table     1113/65536        4452/262144   ( 1.7%) 
LDR leaf ambient      3858/65536      108024/1835008  ( 5.9%) 
HDR leaf ambient      1113/65536       31164/1835008  ( 1.7%) 
occluders                0/0               0/0        ( 0.0%) 
occluder polygons        0/0               0/0        ( 0.0%) 
occluder vert ind        0/0               0/0        ( 0.0%) 
detail props          [variable]           1/12       ( 8.3%) 
static props          [variable]           1/17336    ( 0.0%) 
pakfile               [variable]       74434/0        ( 0.0%) 
physics               [variable]      100412/4194304  ( 2.4%) 
physics terrain       [variable]           2/1048576  ( 0.0%) 

Level flags = 4

Total triangle count: 4002
Writing c:\users\rachel_iii\dropbox\maps\csgo\jailbardt.bsp
16 seconds elapsed



materialPath: C:\Program Files (x86)\Steam\steamapps\common\Counter-Strike Global Offensive\csgo\materials
Loading C:\Users\Rachel_III\Dropbox\Maps\CSGO\jailbardt.vmf
Map revision 81
ConVarRef gpu_level doesn't point to an existing ConVar
Patching WVT material: maps/jailbardt/de_nuke/nukblenddirtgrass_wvt_patch
fixing up env_cubemap materials on brush sides...
0...1...2...3...4...5...6...7...8...9...100...1...2...3...4...5...6...7...8...9...10Processing areas...done (0)
Building Faces...done (0)
FixTjuncs...
PruneNodes...
WriteBSP...
done (0)
writing C:\Users\Rachel_III\Dropbox\Maps\CSGO\jailbardt.prt...Building visibility clusters...
done (0)
Finding displacement neighbors...
Finding lightmap sample positions...
Displacement Alpha : 0...1...2...3...4...5...6...7...8...9...10
Building Physics collision data...
done (0) (135628 bytes)
Placing detail props : 0...1...2...3...4...5...6...7...8...9...10
Compacting texture/material tables...
Reduced 440 texinfos to 314
Reduced 22 texdatas to 20 (541 bytes to 488)
Writing C:\Users\Rachel_III\Dropbox\Maps\CSGO\jailbardt.bsp
0 seconds elapsed



8 threads
reading c:\users\rachel_iii\dropbox\maps\csgo\jailbardt.bsp
reading c:\users\rachel_iii\dropbox\maps\csgo\jailbardt.prt
 844 portalclusters
2463 numportals
0...1...2...3...4...5...6...7...8...9...100...1...2...3...4...5...6...7...8...9...10Optimized: 1254 visible clusters (0.00%)
Total clusters visible: 262440
Average clusters visible: 310
Building PAS...
Average clusters audible: 701
visdatasize:166920  compressed from 189056
writing c:\users\rachel_iii\dropbox\maps\csgo\jailbardt.bsp
2 minutes, 15 seconds elapsed



[Reading texlights from 'lights.rad']
[2 texlights parsed from 'lights.rad']

Loading c:\users\rachel_iii\dropbox\maps\csgo\jailbardt.bsp
2800 faces
2747383 square feet [395623168.00 square inches]
0 Displacements
0 Square Feet [0.00 Square Inches]
2800 patches before subdivision
57548 patches after subdivision
63 direct lights
0...1...2...3...4...5...6...7...8...9...100...1...2...3...4...5...6...7...8...9...10transfers 3992325, max 904
transfer lists:  30.5 megs
0...1...2...3...4...5...6...7...8...9...10	Bounce #1 added RGB(95902, 93295, 86710)
0...1...2...3...4...5...6...7...8...9...10	Bounce #2 added RGB(12029, 12269, 10930)
0...1...2...3...4...5...6...7...8...9...10	Bounce #3 added RGB(2323, 2463, 2031)
0...1...2...3...4...5...6...7...8...9...10	Bounce #4 added RGB(456, 496, 378)
0...1...2...3...4...5...6...7...8...9...10	Bounce #5 added RGB(95, 105, 73)
0...1...2...3...4...5...6...7...8...9...10	Bounce #6 added RGB(19, 22, 14)
0...1...2...3...4...5...6...7...8...9...10	Bounce #7 added RGB(4, 5, 3)
0...1...2...3...4...5...6...7...8...9...10	Bounce #8 added RGB(1, 1, 1)
Build Patch/Sample Hash Table(s).....Done<0.0305 sec>
0...1...2...3...4...5...6...7...8...9...10FinalLightFace Done
0 of 0 (0% of) surface lights went in leaf ambient cubes.
0...1...2...3...4...5...6...7...8...9...10Writing leaf ambient...done
Ready to Finish

Object names       Objects/Maxobjs  Memory / Maxmem  Fullness 
------------       ---------------  ---------------  -------- 
models                  31/1024         1488/49152    ( 3.0%) 
brushes                358/8192         4296/98304    ( 4.4%) 
brushsides            2148/65536       17184/524288   ( 3.3%) 
planes                 708/65536       14160/1310720  ( 1.1%) 
vertexes              4073/65536       48876/786432   ( 6.2%) 
nodes                 1935/65536       61920/2097152  ( 3.0%) 
texinfos               314/12288       22608/884736   ( 2.6%) 
texdata                 20/2048          640/65536    ( 1.0%) 
dispinfos                0/0               0/0        ( 0.0%) 
disp_verts               0/0               0/0        ( 0.0%) 
disp_tris                0/0               0/0        ( 0.0%) 
disp_multiblend          0/0               0/0        ( 0.0%) 
disp_lmsamples           0/0               0/0        ( 0.0%) 
faces                 2800/65536      156800/3670016  ( 4.3%) 
hdr faces                0/65536           0/3670016  ( 0.0%) 
origfaces             1095/65536       61320/3670016  ( 1.7%) 
facebrushes            720/0            1440/0        ( 0.0%) 
facebrushlists        2800/0           11200/0        ( 0.0%) 
leaves                1967/65536       62944/2097152  ( 3.0%) 
leaffaces             3107/65536        6214/131072   ( 4.7%) 
leafbrushes            974/65536        1948/131072   ( 1.5%) 
areas                    2/1024           16/8192     ( 0.2%) 
surfedges            16935/512000      67740/2048000  ( 3.3%) 
edges                 9894/256000      39576/1024000  ( 3.9%) 
LDR worldlights         63/8192         6300/819200   ( 0.8%) 
HDR worldlights          0/8192            0/819200   ( 0.0%) 
leafwaterdata            0/32768           0/393216   ( 0.0%) 
waterstrips            181/32768        1810/327680   ( 0.6%) 
waterverts               0/65536           0/786432   ( 0.0%) 
waterindices          3096/65536        6192/131072   ( 4.7%) 
cubemapsamples           0/1024            0/16384    ( 0.0%) 
overlays                 0/512             0/180224   ( 0.0%) 
LDR lightdata         [variable]     2867475/0        ( 0.0%) 
HDR lightdata         [variable]           0/0        ( 0.0%) 
visdata               [variable]      166920/16777216 ( 1.0%) 
entdata               [variable]       61160/393216   (15.6%) 
LDR ambient table     1967/65536        7868/262144   ( 3.0%) 
HDR ambient table     1967/65536        7868/262144   ( 3.0%) 
LDR leaf ambient      8761/65536      245308/1835008  (13.4%) 
HDR leaf ambient      1967/65536       55076/1835008  ( 3.0%) 
occluders                0/0               0/0        ( 0.0%) 
occluder polygons        0/0               0/0        ( 0.0%) 
occluder vert ind        0/0               0/0        ( 0.0%) 
detail props          [variable]           1/12       ( 8.3%) 
static props          [variable]           1/17326    ( 0.0%) 
pakfile               [variable]       74732/0        ( 0.0%) 
physics               [variable]      135628/4194304  ( 3.2%) 
physics terrain       [variable]           2/1048576  ( 0.0%) 

Level flags = 4

Total triangle count: 6955
Writing c:\users\rachel_iii\dropbox\maps\csgo\jailbardt.bsp
37 seconds elapsed



materialPath: C:\Program Files (x86)\Steam\steamapps\common\Counter-Strike Global Offensive\csgo\materials
Loading C:\Users\Rachel_III\Dropbox\Maps\CSGO\jailbardt.vmf
Map revision 82
ConVarRef gpu_level doesn't point to an existing ConVar
Patching WVT material: maps/jailbardt/de_nuke/nukblenddirtgrass_wvt_patch
fixing up env_cubemap materials on brush sides...
0...1...2...3...4...5...6...7...8...9...100...1...2...3...4...5...6...7...8...9...10Processing areas...done (0)
Building Faces...done (0)
FixTjuncs...
PruneNodes...
WriteBSP...
done (0)
writing C:\Users\Rachel_III\Dropbox\Maps\CSGO\jailbardt.prt...Building visibility clusters...
done (0)
Finding displacement neighbors...
Finding lightmap sample positions...
Displacement Alpha : 0...1...2...3...4...5...6...7...8...9...10
Building Physics collision data...
done (0) (135629 bytes)
Placing detail props : 0...1...2...3...4...5...6...7...8...9...10
Compacting texture/material tables...
Reduced 442 texinfos to 316
Reduced 22 texdatas to 20 (541 bytes to 488)
Writing C:\Users\Rachel_III\Dropbox\Maps\CSGO\jailbardt.bsp
0 seconds elapsed



8 threads
reading c:\users\rachel_iii\dropbox\maps\csgo\jailbardt.bsp
reading c:\users\rachel_iii\dropbox\maps\csgo\jailbardt.prt
 844 portalclusters
2463 numportals
0...1...2...3...4...5...6...7...8...9...100...1...2...3...4...5...6...7...8...9...10Optimized: 1255 visible clusters (0.00%)
Total clusters visible: 262441
Average clusters visible: 310
Building PAS...
Average clusters audible: 701
visdatasize:166920  compressed from 189056
writing c:\users\rachel_iii\dropbox\maps\csgo\jailbardt.bsp
2 minutes, 15 seconds elapsed



[Reading texlights from 'lights.rad']
[2 texlights parsed from 'lights.rad']

Loading c:\users\rachel_iii\dropbox\maps\csgo\jailbardt.bsp
2806 faces
2747590 square feet [395652992.00 square inches]
0 Displacements
0 Square Feet [0.00 Square Inches]
2806 patches before subdivision
57642 patches after subdivision
63 direct lights
0...1...2...3...4...5...6...7...8...9...100...1...2...3...4...5...6...7...8...9...10transfers 4006850, max 904
transfer lists:  30.6 megs
0...1...2...3...4...5...6...7...8...9...10	Bounce #1 added RGB(96272, 93685, 87065)
0...1...2...3...4...5...6...7...8...9...10	Bounce #2 added RGB(12074, 12317, 10970)
0...1...2...3...4...5...6...7...8...9...10	Bounce #3 added RGB(2332, 2472, 2038)
0...1...2...3...4...5...6...7...8...9...10	Bounce #4 added RGB(457, 498, 379)
0...1...2...3...4...5...6...7...8...9...10	Bounce #5 added RGB(95, 105, 73)
0...1...2...3...4...5...6...7...8...9...10	Bounce #6 added RGB(19, 22, 14)
0...1...2...3...4...5...6...7...8...9...10	Bounce #7 added RGB(4, 5, 3)
0...1...2...3...4...5...6...7...8...9...10	Bounce #8 added RGB(1, 1, 1)
Build Patch/Sample Hash Table(s).....Done<0.0315 sec>
0...1...2...3...4...5...6...7...8...9...10FinalLightFace Done
0 of 0 (0% of) surface lights went in leaf ambient cubes.
0...1...2...3...4...5...6...7...8...9...10Writing leaf ambient...done
Ready to Finish

Object names       Objects/Maxobjs  Memory / Maxmem  Fullness 
------------       ---------------  ---------------  -------- 
models                  31/1024         1488/49152    ( 3.0%) 
brushes                358/8192         4296/98304    ( 4.4%) 
brushsides            2148/65536       17184/524288   ( 3.3%) 
planes                 708/65536       14160/1310720  ( 1.1%) 
vertexes              4073/65536       48876/786432   ( 6.2%) 
nodes                 1935/65536       61920/2097152  ( 3.0%) 
texinfos               316/12288       22752/884736   ( 2.6%) 
texdata                 20/2048          640/65536    ( 1.0%) 
dispinfos                0/0               0/0        ( 0.0%) 
disp_verts               0/0               0/0        ( 0.0%) 
disp_tris                0/0               0/0        ( 0.0%) 
disp_multiblend          0/0               0/0        ( 0.0%) 
disp_lmsamples           0/0               0/0        ( 0.0%) 
faces                 2806/65536      157136/3670016  ( 4.3%) 
hdr faces                0/65536           0/3670016  ( 0.0%) 
origfaces             1100/65536       61600/3670016  ( 1.7%) 
facebrushes            726/0            1452/0        ( 0.0%) 
facebrushlists        2806/0           11224/0        ( 0.0%) 
leaves                1967/65536       62944/2097152  ( 3.0%) 
leaffaces             3118/65536        6236/131072   ( 4.8%) 
leafbrushes            974/65536        1948/131072   ( 1.5%) 
areas                    2/1024           16/8192     ( 0.2%) 
surfedges            16990/512000      67960/2048000  ( 3.3%) 
edges                 9916/256000      39664/1024000  ( 3.9%) 
LDR worldlights         63/8192         6300/819200   ( 0.8%) 
HDR worldlights          0/8192            0/819200   ( 0.0%) 
leafwaterdata            0/32768           0/393216   ( 0.0%) 
waterstrips            181/32768        1810/327680   ( 0.6%) 
waterverts               0/65536           0/786432   ( 0.0%) 
waterindices          3096/65536        6192/131072   ( 4.7%) 
cubemapsamples           0/1024            0/16384    ( 0.0%) 
overlays                 0/512             0/180224   ( 0.0%) 
LDR lightdata         [variable]     2873656/0        ( 0.0%) 
HDR lightdata         [variable]           0/0        ( 0.0%) 
visdata               [variable]      166920/16777216 ( 1.0%) 
entdata               [variable]       61160/393216   (15.6%) 
LDR ambient table     1967/65536        7868/262144   ( 3.0%) 
HDR ambient table     1967/65536        7868/262144   ( 3.0%) 
LDR leaf ambient      8760/65536      245280/1835008  (13.4%) 
HDR leaf ambient      1967/65536       55076/1835008  ( 3.0%) 
occluders                0/0               0/0        ( 0.0%) 
occluder polygons        0/0               0/0        ( 0.0%) 
occluder vert ind        0/0               0/0        ( 0.0%) 
detail props          [variable]           1/12       ( 8.3%) 
static props          [variable]           1/17326    ( 0.0%) 
pakfile               [variable]       74732/0        ( 0.0%) 
physics               [variable]      135629/4194304  ( 3.2%) 
physics terrain       [variable]           2/1048576  ( 0.0%) 

Level flags = 4

Total triangle count: 6978
Writing c:\users\rachel_iii\dropbox\maps\csgo\jailbardt.bsp
35 seconds elapsed
