PRT1
75
211
4 0 2 (0 1024 -896 ) (0 1024 6016 ) (0 1920 6016 ) (0 1920 -896 ) 
4 0 1 (896 1024 6016 ) (0 1024 6016 ) (0 1024 -896 ) (896 1024 -896 ) 
4 1 4 (896 0 6016 ) (0 0 6016 ) (0 0 -896 ) (896 0 -896 ) 
4 1 3 (0 0 -896 ) (0 0 6016 ) (0 1024 6016 ) (0 1024 -896 ) 
4 2 3 (0 1024 -896 ) (0 1024 6016 ) (-896 1024 6016 ) (-896 1024 -896 ) 
4 3 8 (0 0 -896 ) (0 0 6016 ) (-896 0 6016 ) (-896 0 -896 ) 
4 4 8 (0 0 6016 ) (0 0 -896 ) (0 -1024 -896 ) (0 -1024 6016 ) 
4 4 5 (896 -1024 6016 ) (0 -1024 6016 ) (0 -1024 -896 ) (896 -1024 -896 ) 
4 5 9 (0 -1374 6016 ) (0 -1024 6016 ) (0 -1024 -896 ) (0 -1374 -896 ) 
5 5 6 (896 -1374 3362 ) (896 -1374 6016 ) (0 -1374 6016 ) (0 -1374 4130 ) (448 -1374 3362 ) 
4 5 7 (0 -1374 -896 ) (896 -1374 -896 ) (896 -1374 3362 ) (0 -1374 3362 ) 
4 6 15 (896 -2048 6016 ) (0 -2048 6016 ) (0 -2048 4435.284180 ) (896 -2048 4435.284180 ) 
5 6 13 (0 -2048 4435.284180 ) (0 -2048 4130 ) (448 -2048 3362 ) (896 -2048 3362 ) (896 -2048 4435.284180 ) 
4 6 10 (0 -2048 4130 ) (0 -2048 6016 ) (0 -1374 6016 ) (0 -1374 4130 ) 
4 6 7 (448 -1374 3362 ) (896 -1374 3362 ) (896 -2048 3362 ) (448 -2048 3362 ) 
4 7 14 (0 -2048 3362 ) (0 -2048 3353.392090 ) (896 -2048 3353.392090 ) (896 -2048 3362 ) 
4 7 12 (0 -2048 3353.392090 ) (0 -2048 -896 ) (896 -2048 -896 ) (896 -2048 3353.392090 ) 
4 7 11 (0 -2048 -896 ) (0 -2048 3362 ) (0 -1374 3362 ) (0 -1374 -896 ) 
4 8 9 (0 -1024 -896 ) (0 -1024 6016 ) (-896 -1024 6016 ) (-896 -1024 -896 ) 
5 9 10 (-896 -1374 6016 ) (-896 -1374 3362 ) (-448 -1374 3362 ) (0 -1374 4130 ) (0 -1374 6016 ) 
4 9 11 (-896 -1374 3362 ) (-896 -1374 -896 ) (0 -1374 -896 ) (0 -1374 3362 ) 
4 10 33 (0 -2048 4435.284180 ) (0 -2048 6016 ) (-896 -2048 6016 ) (-896 -2048 4435.284180 ) 
5 10 31 (0 -2048 4130 ) (0 -2048 4435.284180 ) (-896 -2048 4435.284180 ) (-896 -2048 3362 ) (-448 -2048 3362 ) 
4 10 11 (-896 -2048 3362 ) (-896 -1374 3362 ) (-448 -1374 3362 ) (-448 -2048 3362 ) 
4 11 32 (0 -2048 3353.392090 ) (0 -2048 3362 ) (-896 -2048 3362 ) (-896 -2048 3353.392090 ) 
4 11 30 (0 -2048 -896 ) (0 -2048 3353.392090 ) (-896 -2048 3353.392090 ) (-896 -2048 -896 ) 
4 12 30 (0 -2048 3353.392090 ) (0 -2048 -896 ) (0 -2142 -896 ) (0 -2142 3361.615234 ) 
4 12 21 (434.636444 -2142 3361.615479 ) (0 -2142 3361.615723 ) (0 -2142 3338.353271 ) (448 -2142 3338.353027 ) 
4 12 20 (448 -2142 3361.615479 ) (434.636444 -2142 3361.615479 ) (448 -2142 3338.353027 ) (461.517944 -2142 3338.353027 ) 
4 12 18 (896 -2142 3338.353027 ) (896 -2142 3361.615234 ) (448 -2142 3361.615479 ) (461.517944 -2142 3338.353027 ) 
4 12 17 (0 -2142 -896 ) (896 -2142 -896 ) (896 -2142 3338.353027 ) (0 -2142 3338.353271 ) 
4 12 14 (0 -2142 3361.615967 ) (896 -2142 3361.615967 ) (896 -2048 3353.392578 ) (0 -2048 3353.392578 ) 
3 13 31 (0 -2048 4435.284180 ) (0 -2048 4130 ) (0 -2074.710449 4130 ) 
5 13 15 (896 -2141.906250 3362 ) (896 -2048 4435.288086 ) (0 -2048 4435.288086 ) (0 -2074.710938 4130 ) (448 -2141.906250 3362 ) 
4 13 14 (896 -2141.906250 3362 ) (448 -2141.906250 3362 ) (448 -2048 3362 ) (896 -2048 3362 ) 
4 14 32 (0 -2048 3362 ) (0 -2048 3353.392090 ) (0 -2141.940186 3361.610107 ) (0 -2141.906006 3362 ) 
4 14 15 (448.225525 -2141.940186 3361.613281 ) (896 -2141.940186 3361.613281 ) (896 -2141.906250 3362 ) (448 -2141.906250 3362 ) 
6 15 33 (0 -2048 6016 ) (0 -2048 4435.284180 ) (0 -2074.710693 4130 ) (0 -2112.844727 4130 ) (0 -2142 4132.550781 ) (0 -2142 6016 ) 
3 15 29 (896 -2142 5314.496582 ) (896 -2142 5676.661621 ) (691.935608 -2142 5314.496582 ) 
5 15 28 (896 -2142 5676.661621 ) (896 -2142 6016 ) (0 -2142 6016 ) (0 -2142 5314.496094 ) (691.935608 -2142 5314.496582 ) 
6 15 18 (896 -2142 3361.615234 ) (896 -2142 5314.496582 ) (0 -2142 5314.496094 ) (0 -2142 4132.550781 ) (389.314758 -2142 3462.603271 ) (448.224243 -2142 3361.615479 ) 
4 16 58 (227.816757 -3072 3968 ) (342.384308 -3072 3751.297119 ) (896 -3072 3751.297363 ) (896 -3072 3968 ) 
6 16 57 (0 -3072 4701.702637 ) (0 -3072 4406.098145 ) (81.647766 -3072 4244.476563 ) (227.816757 -3072 3968 ) (896 -3072 3968 ) (896 -3072 4701.702637 ) 
4 16 54 (896 -3072 6016 ) (0 -3072 6016 ) (0 -3072 4701.702637 ) (896 -3072 4701.702637 ) 
5 16 34 (0 -3072 4406.097656 ) (0 -3072 6016 ) (0 -2247.715820 6016 ) (0 -2870.487793 4304.947754 ) (0 -3007.299316 4368.742188 ) 
5 16 23 (0 -2247.714844 6016 ) (896 -2247.714844 6016 ) (896 -3072 3751.294678 ) (342.385559 -3072 3751.294678 ) (0 -2870.486816 4304.947754 ) 
4 17 53 (0 -3072 1843.638794 ) (0 -3072 -896 ) (896 -3072 -896 ) (896 -3072 1843.639160 ) 
3 17 50 (0 -2397.011963 3383.324463 ) (0 -2396.360107 3383.209473 ) (0 -2397.673828 3375.758545 ) 
5 17 49 (0 -2647.770020 3426.909668 ) (0 -2647.607178 3427.517578 ) (0 -2397.011963 3383.324463 ) (0 -2397.673828 3375.758545 ) (0 -2400.344727 3360.610840 ) 
5 17 43 (0 -3072 -448.621399 ) (0 -3072 1025.683594 ) (0 -2650.209229 3417.806396 ) (0 -2647.770020 3426.909668 ) (0 -2400.344727 3360.610840 ) 
3 17 41 (0 -3072 1025.683594 ) (0 -3072 1843.639160 ) (0 -2650.209229 3417.806396 ) 
5 17 36 (0 -2142 -896 ) (0 -3072 -896 ) (0 -3072 -448.621399 ) (0 -2396.360107 3383.209473 ) (0 -2142 3338.352539 ) 
4 17 29 (896 -2647.770508 3426.909912 ) (896 -2647.607666 3427.517578 ) (448 -2647.607666 3427.517578 ) (448.365845 -2647.770508 3426.909912 ) 
4 17 27 (896 -2650.208252 3417.812012 ) (896 -2647.770508 3426.909912 ) (0 -2647.770264 3426.909668 ) (0 -2650.208740 3417.809082 ) 
4 17 26 (448 -2653.544922 3405.358398 ) (440.508789 -2650.208496 3417.810547 ) (0 -2650.208740 3417.809082 ) (0 -2653.544922 3405.358154 ) 
5 17 25 (896 -3072 1843.641113 ) (896 -2853.073730 2660.696289 ) (448 -2653.544922 3405.358398 ) (0 -2653.544922 3405.358154 ) (0 -3072 1843.641113 ) 
4 17 24 (896 -2853.073730 2660.696289 ) (896 -2846.540283 2685.080078 ) (453.495361 -2650.208496 3417.810547 ) (440.508789 -2650.208496 3417.810547 ) 
4 17 23 (896 -2653.545166 3405.358398 ) (896 -2650.208252 3417.812012 ) (453.495361 -2650.208496 3417.810547 ) (461.015350 -2653.544922 3405.358398 ) 
3 17 22 (896 -2846.540283 2685.080078 ) (896 -2653.545166 3405.358398 ) (461.015350 -2653.544922 3405.358398 ) 
4 17 21 (448 -2142 3338.352539 ) (0 -2142 3338.352539 ) (0 -2396.360107 3383.209473 ) (448 -2396.360107 3383.209473 ) 
4 17 20 (461.518280 -2142 3338.352539 ) (448 -2142 3338.352539 ) (448 -2397.011963 3383.324463 ) (448.348663 -2397.011963 3383.324463 ) 
3 17 19 (448 -2403.757568 3384.514160 ) (448.348663 -2397.011963 3383.324463 ) (448 -2397.011963 3383.324463 ) 
5 17 18 (896 -2142 3338.352539 ) (461.518280 -2142 3338.352539 ) (448 -2403.758057 3384.514160 ) (448 -2647.605469 3427.517090 ) (896 -2647.605469 3427.517090 ) 
6 18 51 (0 -2269.794678 4837.553223 ) (0 -2142 5314.496582 ) (0 -2142 4825.790527 ) (0 -2262.377197 4143.081543 ) (0 -2303.462158 4146.675781 ) (0 -2329.826660 4151.325195 ) 
3 18 44 (0 -2448.078613 4172.178711 ) (0 -2269.794678 4837.553223 ) (0 -2329.826660 4151.325195 ) 
3 18 35 (0 -2142 4825.790527 ) (0 -2142 4132.550781 ) (0 -2262.377197 4143.081543 ) 
5 18 29 (896 -2647.607666 3427.517578 ) (896 -2142 5314.497559 ) (691.936218 -2142 5314.497559 ) (1.036240 -2448.540283 4170.456055 ) (448 -2647.607422 3427.517578 ) 
4 18 28 (691.936218 -2142 5314.497559 ) (0 -2142 5314.497559 ) (0 -2448.078857 4172.178711 ) (1.036240 -2448.540283 4170.456055 ) 
4 18 20 (461.518066 -2142 3338.355469 ) (448.348541 -2397.011719 3383.327148 ) (448.001343 -2396.959961 3383.920166 ) (448.001312 -2142 3361.615723 ) 
3 18 19 (448.348541 -2397.011719 3383.327148 ) (447.998566 -2403.788574 3384.522217 ) (356.298950 -2383.259766 3540.526367 ) 
4 19 20 (447.997131 -2396.960205 3383.920166 ) (448.343750 -2397.011963 3383.328125 ) (447.998077 -2397.011963 3383.328125 ) (447.652771 -2396.960205 3383.920166 ) 
4 20 21 (448 -2142 3338.353516 ) (448 -2396.359863 3383.209717 ) (447.616364 -2396.245850 3383.857422 ) (434.636597 -2142 3361.615723 ) 
4 21 36 (0 -2142 3361.615723 ) (0 -2142 3338.352539 ) (0 -2396.360107 3383.209473 ) (0 -2396.245605 3383.857666 ) 
3 22 53 (896 -3072 2745.493164 ) (896 -3072 3557.669434 ) (438.373505 -3072 3557.669434 ) 
3 22 25 (792.819458 -3072 2928.614746 ) (438.374329 -3072 3557.669189 ) (448 -2894.097900 3492.915771 ) 
5 22 24 (461.015930 -2653.545166 3405.358398 ) (896 -2846.540039 2685.080811 ) (896 -3072 2745.494141 ) (792.819458 -3072 2928.614746 ) (448 -2894.097900 3492.915771 ) 
5 22 23 (896 -2653.544434 3405.359375 ) (461.014740 -2653.544434 3405.359375 ) (448 -2894.087402 3492.913086 ) (448 -3072 3557.670654 ) (896 -3072 3557.670654 ) 
5 23 63 (896 -3072 3557.669434 ) (896 -3072 3751.297363 ) (342.384216 -3072 3751.297119 ) (356.560333 -3072 3724.483154 ) (448 -3072 3557.669434 ) 
6 23 37 (0 -2870.487793 4304.948242 ) (0 -2247.715820 6016 ) (0 -2192.082764 6016 ) (0 -2514.696777 4186.343750 ) (0 -2662.945801 4226.067871 ) (0 -2837.860107 4289.733887 ) 
5 23 29 (363.274323 -2623.249268 3570.707031 ) (0 -2514.697021 4186.343750 ) (896 -2246.957764 5704.785645 ) (896 -2648.566650 3427.123291 ) (448.323883 -2648.566650 3427.123291 ) 
4 23 28 (0 -2514.697021 4186.343750 ) (0 -2192.082764 6016 ) (896 -2192.082764 6016 ) (896 -2246.957764 5704.785645 ) 
4 23 27 (896 -2650.210449 3417.800781 ) (453.501068 -2650.210449 3417.800781 ) (448 -2648.566650 3427.123291 ) (896 -2648.566650 3427.123291 ) 
4 23 24 (448 -2648.570801 3427.124512 ) (453.525391 -2650.221680 3417.761719 ) (461.015930 -2653.545166 3405.358398 ) (448 -2894.097412 3492.915527 ) 
3 24 53 (896 -3072 2740.381836 ) (896 -3072 2745.493164 ) (792.832825 -3072 2928.589844 ) 
4 24 27 (453.501068 -2650.210449 3417.800781 ) (440.514465 -2650.210449 3417.800781 ) (435.076385 -2648.566650 3427.123291 ) (448 -2648.566650 3427.123047 ) 
5 24 26 (447.998352 -2894.048828 3492.898193 ) (447.996368 -2894.047852 3492.901367 ) (435.075378 -2648.566650 3427.123291 ) (440.510620 -2650.209473 3417.805664 ) (448 -2653.544678 3405.358154 ) 
5 24 25 (792.907043 -3072 2928.451172 ) (447.998352 -2894.048828 3492.898193 ) (448 -2653.544678 3405.358154 ) (896 -2853.073975 2660.694580 ) (896 -3072 2740.378662 ) 
6 25 53 (0 -3072 3557.669434 ) (0 -3072 1843.638794 ) (896 -3072 1843.639160 ) (896 -3072 2740.381836 ) (792.832825 -3072 2928.589844 ) (438.373505 -3072 3557.669434 ) 
3 25 42 (0 -3072 3540.584473 ) (0 -3072 3557.669434 ) (0 -2894.084473 3492.911133 ) 
4 25 41 (0 -3072 1843.639160 ) (0 -3072 3540.584473 ) (0 -2894.084473 3492.911133 ) (0 -2653.544678 3405.358398 ) 
4 25 26 (447.995850 -2894.068359 3492.906738 ) (447.995880 -2653.544434 3405.359863 ) (0 -2653.544434 3405.359863 ) (0 -2894.064453 3492.905518 ) 
4 26 41 (0 -2648.566406 3427.123047 ) (0 -2650.208984 3417.807373 ) (0 -2653.544678 3405.358398 ) (0 -2894.084473 3492.911133 ) 
4 26 27 (440.514465 -2650.210449 3417.800781 ) (0 -2650.210449 3417.800781 ) (0 -2648.566650 3427.123291 ) (435.076385 -2648.566650 3427.123047 ) 
3 27 43 (0 -2647.770020 3426.909668 ) (0 -2650.208984 3417.807373 ) (0 -2648.566406 3427.123047 ) 
4 27 29 (896 -2647.766113 3426.909912 ) (448.365234 -2647.766113 3426.909912 ) (448.323425 -2648.564453 3427.123535 ) (896 -2648.564453 3427.123535 ) 
4 28 51 (0 -2166.702881 6016 ) (0 -2142 6016 ) (0 -2142 5314.496582 ) (0 -2269.794678 4837.553223 ) 
6 28 44 (0 -2192.082764 6016 ) (0 -2166.702881 6016 ) (0 -2269.794678 4837.553223 ) (0 -2448.078613 4172.178711 ) (0 -2488.315430 4179.274902 ) (0 -2514.696777 4186.343750 ) 
6 28 29 (896 -2246.958008 5704.782227 ) (0 -2514.697266 4186.340820 ) (0 -2488.350342 4179.280762 ) (1.037363 -2448.540527 4170.454590 ) (691.937256 -2142 5314.496094 ) (896 -2142 5676.658203 ) 
5 30 36 (-896 -2142 2590.679688 ) (-896 -2142 -896 ) (0 -2142 -896 ) (0 -2142 3361.615234 ) (-448 -2142 3361.615479 ) 
3 30 35 (-896 -2142 3361.615723 ) (-896 -2142 2590.679688 ) (-448 -2142 3361.615479 ) 
4 30 32 (0 -2048 3353.392578 ) (-896 -2048 3353.392578 ) (-896 -2142 3361.615723 ) (0 -2142 3361.615723 ) 
5 31 33 (-896 -2048 4435.286621 ) (-896 -2141.906250 3362 ) (-448 -2141.906250 3362 ) (0 -2074.710693 4130 ) (0 -2048 4435.286621 ) 
4 31 32 (-448 -2141.906250 3362 ) (-896 -2141.906250 3362 ) (-896 -2048 3362 ) (-448 -2048 3362 ) 
4 32 33 (-896 -2141.906250 3362 ) (-896 -2141.940186 3361.613281 ) (-448.225555 -2141.940186 3361.613281 ) (-448 -2141.906250 3362 ) 
3 33 52 (-896 -2142 5677.897949 ) (-896 -2142 4825.789551 ) (-406.488647 -2142 4825.790039 ) 
5 33 51 (-896 -2142 6016 ) (-896 -2142 5677.897949 ) (-406.488647 -2142 4825.790039 ) (0 -2142 4825.790039 ) (0 -2142 6016 ) 
6 33 35 (-896 -2142 4825.789551 ) (-896 -2142 3361.615723 ) (-448.224274 -2142 3361.615479 ) (-389.334320 -2142 3462.569824 ) (0 -2142 4132.551758 ) (0 -2142 4825.790039 ) 
4 34 69 (-896 -3072 3968 ) (-896 -3072 3751.296875 ) (-342.384216 -3072 3751.297119 ) (-227.816711 -3072 3968 ) 
6 34 68 (0 -3072 4406.098145 ) (0 -3072 4701.702637 ) (-896 -3072 4701.703125 ) (-896 -3072 3968 ) (-227.816711 -3072 3968 ) (-81.648529 -3072 4244.475098 ) 
4 34 65 (0 -3072 4701.702637 ) (0 -3072 6016 ) (-896 -3072 6016 ) (-896 -3072 4701.703125 ) 
4 34 39 (-342.386444 -3072 3751.292969 ) (-896 -3072 3751.292969 ) (-896 -2350.854980 5732.625000 ) (-6.555061 -2874.344482 4294.347656 ) 
5 34 37 (-896 -2350.854980 5732.625000 ) (-896 -2247.714844 6016 ) (0 -2247.714844 6016 ) (0 -2870.486572 4304.947266 ) (-6.555061 -2874.344482 4294.347656 ) 
5 35 52 (-406.488251 -2142 4825.789063 ) (-896 -2142 4825.789063 ) (-896 -2396.359863 3383.209961 ) (-448.382172 -2396.360107 3383.209961 ) (-1.047089 -2262.689941 4141.308105 ) 
4 35 51 (0 -2142 4825.789063 ) (-406.488251 -2142 4825.789063 ) (-1.047089 -2262.689941 4141.308105 ) (0 -2262.376953 4143.082520 ) 
4 35 50 (-896 -2396.359863 3383.209961 ) (-896 -2397.673828 3375.757813 ) (-452.779510 -2397.674072 3375.757813 ) (-448.382172 -2396.360107 3383.209961 ) 
4 35 47 (-896 -2397.673828 3375.757813 ) (-896 -2400.344727 3360.610840 ) (-461.717407 -2400.344727 3360.610840 ) (-452.779510 -2397.674072 3375.757813 ) 
3 35 43 (-896 -2400.344727 3360.610840 ) (-896 -2530.114502 2624.632813 ) (-461.717407 -2400.344727 3360.610840 ) 
4 35 36 (-448 -2396.245850 3383.857422 ) (-896 -2530.114502 2624.633057 ) (-896 -2142 2590.679688 ) (-448 -2142 3361.615479 ) 
4 36 64 (0 -3072 -896 ) (0 -3072 -448.621338 ) (-896 -3072 -448.621094 ) (-896 -3072 -896 ) 
4 36 50 (0 -2397.673828 3375.758301 ) (0 -2396.360107 3383.209961 ) (-448.382202 -2396.360107 3383.209961 ) (-452.779266 -2397.673828 3375.758301 ) 
4 36 49 (0 -2400.344727 3360.611084 ) (0 -2397.673828 3375.758301 ) (-439.061890 -2397.673828 3375.758301 ) (-448 -2400.344727 3360.611084 ) 
4 36 48 (-439.061890 -2397.673828 3375.758301 ) (-452.413788 -2397.673828 3375.758301 ) (-461.385895 -2400.344727 3360.611084 ) (-448 -2400.344727 3360.611084 ) 
4 36 47 (-452.413788 -2397.673828 3375.758301 ) (-452.779266 -2397.673828 3375.758301 ) (-461.717285 -2400.344727 3360.611084 ) (-461.385895 -2400.344727 3360.611084 ) 
5 36 43 (-896 -2530.114502 2624.632813 ) (-896 -3072 -448.622070 ) (0 -3072 -448.621887 ) (0 -2400.344727 3360.611084 ) (-461.717285 -2400.344727 3360.611084 ) 
4 37 44 (-896 -2246.958008 5704.785156 ) (-896 -2192.083008 6016 ) (0 -2192.083008 6016 ) (0 -2514.697021 4186.343750 ) 
6 37 39 (-896 -2246.961914 5704.788086 ) (0 -2514.700928 4186.346680 ) (0 -2662.958984 4226.072754 ) (-4.750140 -2840.980469 4282.204102 ) (-6.555197 -2874.345459 4294.347656 ) (-896 -2350.855469 5732.625000 ) 
3 38 64 (-896 -3072 3557.669434 ) (-896 -3072 2745.492920 ) (-438.373444 -3072 3557.669434 ) 
3 38 43 (-896 -2782.436035 2667.902588 ) (-896 -2652.472900 3404.968262 ) (-461.073181 -2652.472900 3404.968262 ) 
3 38 42 (-447.998749 -2894.085205 3492.911133 ) (-438.372314 -3072 3557.669434 ) (-448 -3072 3540.584229 ) 
4 38 41 (-448 -2894.064209 3492.903564 ) (-447.998749 -2894.085205 3492.911133 ) (-448 -3072 3540.584229 ) (-792.893555 -3072 2928.479248 ) 
5 38 40 (-896 -2782.434570 2667.898438 ) (-461.071777 -2652.470947 3404.967529 ) (-448 -2894.064209 3492.903564 ) (-792.893555 -3072 2928.479248 ) (-896 -3072 2745.489990 ) 
5 38 39 (-448 -2894.122559 3492.926025 ) (-461.074554 -2652.471680 3404.968750 ) (-896 -2652.471680 3404.968750 ) (-896 -3072 3557.670654 ) (-448 -3072 3557.670654 ) 
5 39 74 (-342.384277 -3072 3751.297119 ) (-896 -3072 3751.296875 ) (-896 -3072 3557.669434 ) (-448 -3072 3557.669434 ) (-356.567505 -3072 3724.469727 ) 
4 39 48 (-447.677521 -2648.469971 3427.669678 ) (-448 -2648.566406 3427.123291 ) (-448.323914 -2648.566406 3427.123291 ) (-448 -2648.469971 3427.669678 ) 
5 39 47 (-896 -2648.566406 3427.123291 ) (-896 -2248.390625 5696.660156 ) (-0.692776 -2514.904053 4185.169922 ) (-362.961151 -2623.155518 3571.237793 ) (-448.323914 -2648.566406 3427.123291 ) 
4 39 46 (-896 -2248.390625 5696.660156 ) (-896 -2246.958008 5704.785156 ) (0 -2514.697021 4186.343750 ) (-0.692776 -2514.904053 4185.169922 ) 
4 39 43 (-896 -2652.472900 3404.968262 ) (-896 -2648.566406 3427.123291 ) (-448 -2648.566406 3427.123291 ) (-461.073181 -2652.472900 3404.968262 ) 
4 39 40 (-461.071777 -2652.470947 3404.967529 ) (-447.998596 -2648.564453 3427.122559 ) (-447.998718 -2894.063721 3492.905518 ) (-448 -2894.064209 3492.903564 ) 
3 40 64 (-792.836121 -3072 2928.583984 ) (-896 -3072 2745.492920 ) (-896 -3072 2740.381836 ) 
4 40 43 (-896 -2787.890137 2636.970215 ) (-896 -2782.436035 2667.902588 ) (-448 -2648.566406 3427.123291 ) (-435.076263 -2648.566650 3427.123047 ) 
5 40 41 (-447.997009 -2894.041748 3492.899658 ) (-792.923401 -3072 2928.423340 ) (-896 -3072 2740.380615 ) (-896 -2787.888672 2636.968750 ) (-435.075806 -2648.564941 3427.122803 ) 
6 41 64 (0 -3072 1025.684082 ) (0 -3072 3540.584473 ) (-448 -3072 3540.584717 ) (-792.836121 -3072 2928.583984 ) (-896 -3072 2740.381836 ) (-896 -3072 1025.684082 ) 
5 41 43 (0 -3072 1025.684326 ) (-896 -3072 1025.684326 ) (-896 -2787.890137 2636.970215 ) (-435.076294 -2648.566650 3427.123047 ) (0 -2648.566650 3427.123047 ) 
5 41 42 (-447.997589 -2894.075195 3492.907715 ) (-448 -2894.121094 3492.919922 ) (-448 -3072 3540.583496 ) (0 -3072 3540.583984 ) (0 -2894.079590 3492.909180 ) 
4 42 64 (0 -3072 3540.584473 ) (0 -3072 3557.669434 ) (-438.373566 -3072 3557.669434 ) (-448 -3072 3540.584717 ) 
4 43 64 (0 -3072 -448.621338 ) (0 -3072 1025.684082 ) (-896 -3072 1025.684082 ) (-896 -3072 -448.621094 ) 
4 43 49 (0 -2400.342285 3360.612061 ) (-448 -2400.342285 3360.612061 ) (-448 -2647.769775 3426.910645 ) (0 -2647.769775 3426.910645 ) 
4 43 48 (-448 -2400.342285 3360.612061 ) (-461.385193 -2400.342285 3360.612061 ) (-448.323547 -2648.564453 3427.123535 ) (-448 -2648.564453 3427.123535 ) 
4 43 47 (-461.385193 -2400.342285 3360.612061 ) (-896 -2400.342285 3360.612061 ) (-896 -2648.564453 3427.123535 ) (-448.323547 -2648.564453 3427.123535 ) 
5 44 51 (-896 -2195.143311 5690.901367 ) (-896 -2166.703369 6016 ) (0 -2166.703369 6016 ) (0 -2329.826904 4151.325195 ) (-715.590088 -2222.511719 5378.050781 ) 
5 44 46 (-896 -2195.145996 5690.901367 ) (-715.614502 -2222.510742 5378.093262 ) (0 -2488.322266 4179.275879 ) (0 -2514.697021 4186.343262 ) (-896 -2246.958008 5704.785156 ) 
3 44 45 (0 -2488.279053 4179.268555 ) (-715.460938 -2222.531250 5377.832031 ) (0 -2329.827148 4151.327148 ) 
3 45 52 (-4.116365 -2330.443359 4144.277832 ) (-715.590088 -2222.511719 5378.050781 ) (-0.002747 -2329.826416 4151.330078 ) 
3 45 47 (-715.614502 -2222.510742 5378.093262 ) (-4.116516 -2330.445801 4144.278320 ) (-0.002826 -2488.321289 4179.280762 ) 
3 46 51 (-896 -2195.456055 5687.325195 ) (-896 -2195.143311 5690.901367 ) (-715.590088 -2222.511719 5378.050781 ) 
6 46 47 (-896 -2195.455811 5687.324219 ) (-715.464844 -2222.530273 5377.835938 ) (0 -2488.279297 4179.268066 ) (0 -2488.309326 4179.273438 ) (-0.693017 -2514.903809 4185.169434 ) (-896 -2248.390381 5696.659180 ) 
6 47 52 (-896 -2397.012207 3383.324951 ) (-896 -2195.456055 5687.325195 ) (-715.590088 -2222.511719 5378.050781 ) (-4.116333 -2330.443359 4144.277832 ) (-356.964020 -2383.359619 3539.388672 ) (-448.348541 -2397.012207 3383.324951 ) 
4 47 50 (-452.415863 -2397.674561 3375.754883 ) (-896 -2397.674561 3375.754883 ) (-896 -2397.012207 3383.324951 ) (-448 -2397.012207 3383.324951 ) 
5 47 48 (-452.376953 -2397.662842 3375.821045 ) (-448 -2397.006592 3383.323975 ) (-448 -2648.469727 3427.669922 ) (-448.321564 -2648.565430 3427.127441 ) (-461.383667 -2400.343994 3360.615479 ) 
4 48 50 (-439.063812 -2397.674561 3375.754883 ) (-452.415863 -2397.674561 3375.754883 ) (-448 -2397.012207 3383.324951 ) (-434.698395 -2397.012207 3383.324951 ) 
5 48 49 (-448.001190 -2647.769775 3426.909912 ) (-448 -2400.344727 3360.611328 ) (-439.029114 -2397.664063 3375.814453 ) (-434.698639 -2397.007080 3383.323975 ) (-447.634186 -2647.607178 3427.517578 ) 
4 49 50 (0 -2397.674561 3375.754883 ) (-439.063812 -2397.674561 3375.754883 ) (-434.698395 -2397.012207 3383.324951 ) (0 -2397.012207 3383.324951 ) 
4 50 52 (-448.382263 -2396.359619 3383.209961 ) (-896 -2396.359619 3383.209961 ) (-896 -2397.015625 3383.325195 ) (-448.348633 -2397.015625 3383.325195 ) 
6 51 52 (-406.488647 -2142 4825.787109 ) (-1.047699 -2262.689697 4141.306641 ) (0 -2303.502930 4146.680176 ) (0 -2329.830566 4151.323242 ) (-896 -2195.459717 5687.323242 ) (-896 -2142 5677.895508 ) 
4 53 64 (0 -3072 3557.669189 ) (0 -3072 -896 ) (0 -3968 -896 ) (0 -3968 3883.798828 ) 
5 53 63 (896 -3134.229980 3580.321777 ) (896 -3072 3557.670898 ) (448 -3072 3557.670898 ) (448 -3132.040771 3579.524902 ) (448.117615 -3134.229980 3580.321777 ) 
5 53 62 (435.314911 -3134.229980 3580.321777 ) (0 -3134.229980 3580.321533 ) (0 -3374.074219 3667.621094 ) (461.090851 -3374.074219 3667.621338 ) (461.013000 -3372.635010 3667.097412 ) 
4 53 61 (0 -3374.074219 3667.621094 ) (0 -3617.805908 3756.335693 ) (474.274353 -3617.805908 3756.335693 ) (461.090851 -3374.074219 3667.621338 ) 
3 53 60 (448.117615 -3134.229980 3580.321777 ) (435.314911 -3134.229980 3580.321777 ) (461.013000 -3372.635010 3667.097412 ) 
3 53 59 (461.013000 -3372.635010 3667.097412 ) (474.274353 -3617.805908 3756.335693 ) (487.440399 -3617.805908 3756.335693 ) 
5 53 58 (896 -3617.805908 3756.335693 ) (896 -3134.229980 3580.321777 ) (448.117615 -3134.229980 3580.321777 ) (461.013000 -3372.635010 3667.097412 ) (487.440399 -3617.805908 3756.335693 ) 
4 53 56 (0 -3968 3883.800781 ) (896 -3968 3883.800781 ) (896 -3617.805908 3756.335693 ) (0 -3617.805908 3756.335693 ) 
4 54 65 (0 -3072 6016 ) (0 -3072 4701.703125 ) (0 -3200 4480 ) (0 -3200 6016 ) 
4 54 57 (896 -3072 4701.705078 ) (896 -3200 4480.001953 ) (0 -3200 4480.001953 ) (0 -3072 4701.705078 ) 
4 54 55 (0 -3200 4480 ) (896 -3200 4480 ) (896 -3200 6016 ) (0 -3200 6016 ) 
4 55 66 (0 -3200 4480 ) (0 -3968 4480 ) (0 -3968 6016 ) (0 -3200 6016 ) 
4 56 67 (0 -3495.601807 3968 ) (0 -3617.806641 3756.333984 ) (0 -3968 3883.798828 ) (0 -3968 3968 ) 
4 56 61 (474.273376 -3617.806641 3756.337891 ) (0 -3617.806641 3756.337891 ) (0 -3584.001221 3814.890625 ) (434.983643 -3584.001221 3814.890625 ) 
4 56 59 (487.439423 -3617.806641 3756.337891 ) (474.273376 -3617.806641 3756.337891 ) (434.983673 -3584.001221 3814.890625 ) (448 -3584.001221 3814.890625 ) 
4 56 58 (896 -3495.603760 3968 ) (896 -3617.806641 3756.337891 ) (487.439423 -3617.806641 3756.337891 ) (344.869659 -3495.603760 3968 ) 
3 57 68 (0 -3072 4701.703125 ) (0 -3072 4406.098145 ) (0 -3200 4480 ) 
4 57 58 (259.371704 -3200 3968 ) (227.816666 -3072 3968 ) (896 -3072 3968 ) (896 -3200 3968 ) 
4 58 63 (896 -3134.229736 3580.320068 ) (448.118439 -3134.229736 3580.320068 ) (342.385406 -3072 3751.294922 ) (896 -3072 3751.294922 ) 
4 58 60 (448.001892 -3134.159424 3580.510986 ) (448.120239 -3134.229004 3580.319580 ) (461.018433 -3372.682373 3667.114014 ) (448.002625 -3362.366699 3686.923096 ) 
4 58 59 (448.001099 -3362.295654 3686.887207 ) (461.011841 -3372.606201 3667.085205 ) (487.437500 -3617.804688 3756.335938 ) (447.998260 -3584 3814.889404 ) 
4 59 62 (448.002502 -3362.366699 3686.923096 ) (461.018433 -3372.682373 3667.114014 ) (461.093750 -3374.074707 3667.620850 ) (448.002502 -3364.590332 3687.959961 ) 
4 59 61 (474.277344 -3617.804688 3756.335938 ) (434.986694 -3584 3814.889404 ) (447.874756 -3364.497803 3688.158447 ) (461.093750 -3374.074707 3667.620850 ) 
4 60 62 (461.015625 -3372.607422 3667.082031 ) (448.001556 -3362.294189 3686.889160 ) (435.203827 -3134.160645 3580.511719 ) (435.321045 -3134.230469 3580.320068 ) 
4 61 72 (0 -3374.075195 3667.619629 ) (0 -3617.806641 3756.333984 ) (0 -3584 3814.889404 ) (0 -3364.497559 3688.158691 ) 
4 61 62 (448 -3364.590576 3687.960205 ) (461.091858 -3374.075439 3667.620117 ) (0 -3374.075439 3667.620117 ) (0 -3364.590576 3687.960205 ) 
4 62 73 (0 -3134.160400 3580.511230 ) (0 -3134.229980 3580.319824 ) (0 -3374.075195 3667.619629 ) (0 -3364.590332 3687.959961 ) 
5 64 74 (-896 -3072 3557.670898 ) (-896 -3134.229980 3580.321533 ) (-448.117554 -3134.229980 3580.321533 ) (-448 -3132.043213 3579.525635 ) (-448 -3072 3557.670898 ) 
5 64 73 (0 -3374.074219 3667.621338 ) (0 -3134.229980 3580.321777 ) (-435.315277 -3134.229980 3580.321533 ) (-461.012695 -3372.629639 3667.095459 ) (-461.090851 -3374.074463 3667.621338 ) 
4 64 72 (-474.274353 -3617.805908 3756.335693 ) (0 -3617.805908 3756.335693 ) (0 -3374.074219 3667.621338 ) (-461.090851 -3374.074463 3667.621338 ) 
3 64 71 (-435.315277 -3134.229980 3580.321533 ) (-448.117554 -3134.229980 3580.321533 ) (-461.012695 -3372.629639 3667.095459 ) 
3 64 70 (-487.440521 -3617.805908 3756.335693 ) (-474.274353 -3617.805908 3756.335693 ) (-461.012695 -3372.629639 3667.095459 ) 
5 64 69 (-896 -3134.229980 3580.321533 ) (-896 -3617.805908 3756.335693 ) (-487.440521 -3617.805908 3756.335693 ) (-461.012695 -3372.629639 3667.095459 ) (-448.117554 -3134.229980 3580.321533 ) 
4 64 67 (-896 -3617.805908 3756.335693 ) (-896 -3968 3883.800781 ) (0 -3968 3883.800781 ) (0 -3617.805908 3756.335693 ) 
4 65 68 (-896 -3200 4480.002930 ) (-896 -3072 4701.706055 ) (0 -3072 4701.706055 ) (0 -3200 4480.002930 ) 
4 65 66 (-896 -3200 6016 ) (-896 -3200 4480 ) (0 -3200 4480 ) (0 -3200 6016 ) 
4 67 72 (0 -3617.806641 3756.337891 ) (-474.273376 -3617.806641 3756.337891 ) (-434.983643 -3584.001465 3814.890625 ) (0 -3584.001465 3814.890625 ) 
4 67 70 (-474.273376 -3617.806641 3756.337891 ) (-487.439575 -3617.806641 3756.337891 ) (-448 -3584.001465 3814.890625 ) (-434.983643 -3584.001465 3814.890625 ) 
4 67 69 (-487.439575 -3617.806641 3756.337891 ) (-896 -3617.806641 3756.337891 ) (-896 -3495.604004 3968 ) (-344.869873 -3495.604004 3968 ) 
4 68 69 (-896 -3200 3968 ) (-896 -3072 3968 ) (-227.816650 -3072 3968 ) (-259.371674 -3200 3968 ) 
4 69 74 (-448.118469 -3134.229736 3580.320068 ) (-896 -3134.229736 3580.320068 ) (-896 -3072 3751.294922 ) (-342.385376 -3072 3751.294922 ) 
4 69 71 (-448.121094 -3134.228516 3580.320313 ) (-448.003174 -3134.159180 3580.510986 ) (-448.003510 -3362.382324 3686.930420 ) (-461.020477 -3372.697754 3667.118896 ) 
4 69 70 (-461.007813 -3372.611328 3667.089844 ) (-447.997925 -3362.301514 3686.890625 ) (-447.998810 -3584 3814.889893 ) (-487.440125 -3617.806885 3756.334473 ) 
4 70 73 (-461.094971 -3374.074951 3667.620117 ) (-461.020477 -3372.697754 3667.118896 ) (-448.003479 -3362.382324 3686.930420 ) (-448.003540 -3364.590576 3687.959961 ) 
4 70 72 (-434.987610 -3584 3814.889648 ) (-474.279053 -3617.806641 3756.334473 ) (-461.094971 -3374.074951 3667.620117 ) (-447.875641 -3364.497803 3688.158691 ) 
4 71 73 (-448.002014 -3362.299072 3686.891602 ) (-461.014587 -3372.611084 3667.086914 ) (-435.320313 -3134.224609 3580.320313 ) (-435.204712 -3134.155762 3580.509277 ) 
4 72 73 (0 -3374.075928 3667.619873 ) (-461.092529 -3374.075928 3667.619873 ) (-448 -3364.591064 3687.960205 ) (0 -3364.591064 3687.960205 ) 
