


CustomMaterialManager: Cached KeyValues materials/models/weapons/v_models/knife_butterfly/knife_butterfly.vmt.
CustomMaterialManager: Cached KeyValues materials/models/weapons/v_models/knife_bayonet/knife_bayonet.vmt.
CustomMaterialManager: Cached KeyValues materials/models/weapons/v_models/knife_ct/knife_ct.vmt.
CustomMaterialManager: Cached KeyValues materials/models/weapons/v_models/knife_flip/knife_flip.vmt.
CustomMaterialManager: Cached KeyValues materials/models/weapons/v_models/knife_gut/knife_gut.vmt.
CustomMaterialManager: Cached KeyValues materials/models/weapons/v_models/knife_karam/karam.vmt.
CustomMaterialManager: Cached KeyValues materials/models/weapons/v_models/knife_m9_bay/knife_m9_bay.vmt.
CustomMaterialManager: Cached KeyValues materials/models/weapons/v_models/knife_t/knife_t.vmt.
CustomMaterialManager: Cached KeyValues materials/models/weapons/v_models/knife_tactical/knife_tactical.vmt.
CustomMaterialManager: Cached KeyValues materials/models/weapons/v_models/mach_m249para/m249.vmt.
CustomMaterialManager: Cached KeyValues materials/models/weapons/v_models/mach_negev/mach_negev.vmt.
CustomMaterialManager: Cached KeyValues materials/models/weapons/v_models/pist_223/pist_223.vmt.
CustomMaterialManager: Cached KeyValues materials/models/weapons/v_models/pist_cz_75/pist_cz_75.vmt.
CustomMaterialManager: Cached KeyValues materials/models/weapons/v_models/pist_deagle/pist_deagle.vmt.
CustomMaterialManager: Cached KeyValues materials/models/weapons/v_models/pist_elite/m9a1.vmt.
CustomMaterialManager: Cached KeyValues materials/models/weapons/v_models/pist_fiveseven/fiveseven.vmt.
CustomMaterialManager: Cached KeyValues materials/models/weapons/v_models/pist_glock18/pist_glock18.vmt.
CustomMaterialManager: Cached KeyValues materials/models/weapons/v_models/pist_hkp2000/pist_hkp2000.vmt.
CustomMaterialManager: Cached KeyValues materials/models/weapons/v_models/pist_p250/p250.vmt.
CustomMaterialManager: Cached KeyValues materials/models/weapons/v_models/pist_tec9/pist_tec9.vmt.
CustomMaterialManager: Cached KeyValues materials/models/weapons/v_models/rif_ak47/ak47.vmt.
CustomMaterialManager: Cached KeyValues materials/models/weapons/v_models/rif_aug/rif_aug.vmt.
CustomMaterialManager: Cached KeyValues materials/models/weapons/v_models/rif_famas/rif_famas.vmt.
CustomMaterialManager: Cached KeyValues materials/models/weapons/v_models/rif_galilar/rif_galilar.vmt.
CustomMaterialManager: Cached KeyValues materials/models/weapons/v_models/rif_m4a1/rif_m4a1.vmt.
CustomMaterialManager: Cached KeyValues materials/models/weapons/v_models/rif_m4a1_s/rif_m4a1_s.vmt.
CustomMaterialManager: Cached KeyValues materials/models/weapons/v_models/rif_sg556/rif_sg556.vmt.
CustomMaterialManager: Cached KeyValues materials/models/weapons/v_models/shot_mag7/shot_mag7.vmt.
CustomMaterialManager: Cached KeyValues materials/models/weapons/v_models/shot_nova/shot_nova.vmt.
CustomMaterialManager: Cached KeyValues materials/models/weapons/v_models/shot_sawedoff/shot_sawedoff_01.vmt.
CustomMaterialManager: Cached KeyValues materials/models/weapons/v_models/shot_xm1014/shot_xm1014.vmt.
CustomMaterialManager: Cached KeyValues materials/models/weapons/v_models/smg_bizon/bizon.vmt.
CustomMaterialManager: Cached KeyValues materials/models/weapons/v_models/smg_mac10/smg_mac10_1.vmt.
CustomMaterialManager: Cached KeyValues materials/models/weapons/v_models/smg_mp7/smg_mp7.vmt.
CustomMaterialManager: Cached KeyValues materials/models/weapons/v_models/smg_mp9/smg_mp9.vmt.
CustomMaterialManager: Cached KeyValues materials/models/weapons/v_models/smg_p90/smg_p90.vmt.
CustomMaterialManager: Cached KeyValues materials/models/weapons/v_models/smg_ump45/smg_ump45.vmt.
CustomMaterialManager: Cached KeyValues materials/models/weapons/v_models/snip_awp/awp.vmt.
CustomMaterialManager: Cached KeyValues materials/models/weapons/v_models/snip_g3sg1/snip_g3sg1.vmt.
CustomMaterialManager: Cached KeyValues materials/models/weapons/v_models/snip_scar20/snip_scar20.vmt.
CustomMaterialManager: Cached KeyValues materials/models/weapons/v_models/snip_ssg08/snip_ssg08.vmt.
CustomMaterialManager: Cached KeyValues materials/models/weapons/v_models/snip_ssg08/snip_ssg08_scope.vmt.
materialPath: C:\Program Files (x86)\Steam\steamapps\common\Counter-Strike Global Offensive\csgo\materials
Loading c:\users\cullen\dropbox\maps\csgo\surf old.vmf
Map revision 73
fixing up env_cubemap materials on brush sides...
0...1...2...3...4...5...6...7...8...9...100...1...2...3...4...5...6...7...8...9...10Processing areas...done (0)
Building Faces...done (0)
FixTjuncs...
PruneNodes...
WriteBSP...
done (0)
writing c:\users\cullen\dropbox\maps\csgo\surf old.prt...Building visibility clusters...
done (0)
Finding displacement neighbors...
Finding lightmap sample positions...
Displacement Alpha : 0...1...2...3...4...5...6...7...8...9...10
Building Physics collision data...
done (0) (5341 bytes)
Placing detail props : 0...1...2...3...4...5...6...7...8...9...10
Compacting texture/material tables...
Reduced 60 texinfos to 32
Reduced 5 texdatas to 5 (117 bytes to 117)
Writing c:\users\cullen\dropbox\maps\csgo\surf old.bsp
0 seconds elapsed



8 threads
reading c:\users\cullen\dropbox\maps\csgo\surf old.bsp
reading c:\users\cullen\dropbox\maps\csgo\surf old.prt
  75 portalclusters
 211 numportals
0...1...2...3...4...5...6...7...8...9...10Optimized: 15 visible clusters (0.00%)
Total clusters visible: 5561
Average clusters visible: 74
Building PAS...
Average clusters audible: 75
visdatasize:2105  compressed from 2400
writing c:\users\cullen\dropbox\maps\csgo\surf old.bsp
0 seconds elapsed



[Reading texlights from 'lights.rad']
[2 texlights parsed from 'lights.rad']

Loading c:\users\cullen\dropbox\maps\csgo\surf old.bsp
197 faces
1094445 square feet [157600176.00 square inches]
0 Displacements
0 Square Feet [0.00 Square Inches]
197 patches before subdivision
7261 patches after subdivision
2 direct lights
0...1...2...3...4...5...6...7...8...9...100...1...2...3...4...5...6...7...8...9...10transfers 240018, max 254
transfer lists:   1.8 megs
0...1...2...3...4...5...6...7...8...9...10	Bounce #1 added RGB(267, 234, 216)
0...1...2...3...4...5...6...7...8...9...10	Bounce #2 added RGB(1, 1, 1)
Build Patch/Sample Hash Table(s).....Done<0.0020 sec>
0...1...2...3...4...5...6...7...8...9...10FinalLightFace Done
0 of 0 (0% of) surface lights went in leaf ambient cubes.
0...1...2...3...4...5...6...7...8...9...10Writing leaf ambient...done
Ready to Finish

Object names       Objects/Maxobjs  Memory / Maxmem  Fullness 
------------       ---------------  ---------------  -------- 
models                   2/1024           96/49152    ( 0.2%) 
brushes                 15/8192          180/98304    ( 0.2%) 
brushsides             177/65536        1416/524288   ( 0.3%) 
planes                 300/65536        6000/1310720  ( 0.5%) 
vertexes               341/65536        4092/786432   ( 0.5%) 
nodes                  192/65536        6144/2097152  ( 0.3%) 
texinfos                32/12288        2304/884736   ( 0.3%) 
texdata                  5/2048          160/65536    ( 0.2%) 
dispinfos                0/0               0/0        ( 0.0%) 
disp_verts               0/0               0/0        ( 0.0%) 
disp_tris                0/0               0/0        ( 0.0%) 
disp_multiblend          0/0               0/0        ( 0.0%) 
disp_lmsamples           0/0               0/0        ( 0.0%) 
faces                  197/65536       11032/3670016  ( 0.3%) 
hdr faces                0/65536           0/3670016  ( 0.0%) 
origfaces               36/65536        2016/3670016  ( 0.1%) 
facebrushes              0/0               0/0        ( 0.0%) 
facebrushlists         197/0             788/0        ( 0.0%) 
leaves                 195/65536        6240/2097152  ( 0.3%) 
leaffaces              254/65536         508/131072   ( 0.4%) 
leafbrushes            126/65536         252/131072   ( 0.2%) 
areas                    2/1024           16/8192     ( 0.2%) 
surfedges             1189/512000       4756/2048000  ( 0.2%) 
edges                  659/256000       2636/1024000  ( 0.3%) 
LDR worldlights          2/8192          200/819200   ( 0.0%) 
HDR worldlights          0/8192            0/819200   ( 0.0%) 
leafwaterdata            0/32768           0/393216   ( 0.0%) 
waterstrips             39/32768         390/327680   ( 0.1%) 
waterverts               0/65536           0/786432   ( 0.0%) 
waterindices           594/65536        1188/131072   ( 0.9%) 
cubemapsamples           0/1024            0/16384    ( 0.0%) 
overlays                 0/1024            0/360448   ( 0.0%) 
LDR lightdata         [variable]      263258/0        ( 0.0%) 
HDR lightdata         [variable]           0/0        ( 0.0%) 
visdata               [variable]        2105/16777216 ( 0.0%) 
entdata               [variable]        1096/393216   ( 0.3%) 
LDR ambient table      195/65536         780/262144   ( 0.3%) 
HDR ambient table      195/65536         780/262144   ( 0.3%) 
LDR leaf ambient       740/65536       20720/1835008  ( 1.1%) 
HDR leaf ambient       195/65536        5460/1835008  ( 0.3%) 
occluders                0/0               0/0        ( 0.0%) 
occluder polygons        0/0               0/0        ( 0.0%) 
occluder vert ind        0/0               0/0        ( 0.0%) 
detail props          [variable]           1/12       ( 8.3%) 
static props          [variable]           1/12       ( 8.3%) 
pakfile               [variable]       74430/0        ( 0.0%) 
physics               [variable]        5341/4194304  ( 0.1%) 
physics terrain       [variable]           2/1048576  ( 0.0%) 

Level flags = 4

Total triangle count: 651
Writing c:\users\cullen\dropbox\maps\csgo\surf old.bsp
1 second elapsed
